#
# There is insufficient memory for the Java Runtime Environment to continue.
# Native memory allocation (malloc) failed to allocate 262160 bytes for Chunk::new
# Possible reasons:
#   The system is out of physical RAM or swap space
#   The process is running with CompressedOops enabled, and the Java Heap may be blocking the growth of the native heap
# Possible solutions:
#   Reduce memory load on the system
#   Increase physical memory or swap space
#   Check if swap backing store is full
#   Decrease Java heap size (-Xmx/-Xms)
#   Decrease number of Java threads
#   Decrease Java thread stack sizes (-Xss)
#   Set larger code cache with -XX:ReservedCodeCacheSize=
#   JVM is running with Unscaled Compressed Oops mode in which the Java heap is
#     placed in the first 4GB address space. The Java Heap base address is the
#     maximum limit for the native heap growth. Please use -XX:HeapBaseMinAddress
#     to set the Java Heap base and to place the Java Heap above 4GB virtual address.
# This output file may be truncated or incomplete.
#
#  Out of Memory Error (arena.cpp:189), pid=40528, tid=43744
#
# JRE version: OpenJDK Runtime Environment (17.0.6) (build 17.0.6+0-b2043.56-10027231)
# Java VM: OpenJDK 64-Bit Server VM (17.0.6+0-b2043.56-10027231, mixed mode, tiered, compressed oops, compressed class ptrs, g1 gc, windows-amd64)
# No core dump will be written. Minidumps are not enabled by default on client versions of Windows
#

---------------  S U M M A R Y ------------

Command Line: --add-opens=java.base/java.util=ALL-UNNAMED --add-opens=java.base/java.lang=ALL-UNNAMED --add-opens=java.base/java.lang.invoke=ALL-UNNAMED --add-opens=java.prefs/java.util.prefs=ALL-UNNAMED --add-opens=java.base/java.nio.charset=ALL-UNNAMED --add-opens=java.base/java.net=ALL-UNNAMED --add-opens=java.base/java.util.concurrent.atomic=ALL-UNNAMED -Xmx2048m -Dfile.encoding=UTF-8 -Duser.country=US -Duser.language=en -Duser.variant org.gradle.launcher.daemon.bootstrap.GradleDaemon 8.0

Host: 11th Gen Intel(R) Core(TM) i5-11400H @ 2.70GHz, 12 cores, 15G,  Windows 11 , 64 bit Build 22621 (10.0.22621.2506)
Time: Tue Jan  9 23:19:14 2024 Sri Lanka Standard Time elapsed time: 15.042477 seconds (0d 0h 0m 15s)

---------------  T H R E A D  ---------------

Current thread (0x000001eefa489a30):  JavaThread "C2 CompilerThread0" daemon [_thread_in_native, id=43744, stack(0x0000004bd5f00000,0x0000004bd6000000)]


Current CompileTask:
C2:  15042 7593       4       sun.security.ec.ECOperations::setDouble (559 bytes)

Stack: [0x0000004bd5f00000,0x0000004bd6000000]
Native frames: (J=compiled Java code, j=interpreted, Vv=VM code, C=native code)
V  [jvm.dll+0x683c9a]
V  [jvm.dll+0x8427a4]
V  [jvm.dll+0x843f9e]
V  [jvm.dll+0x844603]
V  [jvm.dll+0x249b75]
V  [jvm.dll+0xabcac]
V  [jvm.dll+0xac27c]
V  [jvm.dll+0xabdbb]
V  [jvm.dll+0x6a8de8]
V  [jvm.dll+0x1a9633]
V  [jvm.dll+0x6aa9b0]
V  [jvm.dll+0x6a966a]
V  [jvm.dll+0x21d1b0]
V  [jvm.dll+0x21b51b]
V  [jvm.dll+0x1a4fdd]
V  [jvm.dll+0x22b098]
V  [jvm.dll+0x229159]
V  [jvm.dll+0x7f81ec]
V  [jvm.dll+0x7f274a]
V  [jvm.dll+0x682ad5]
C  [ucrtbase.dll+0x29363]
C  [KERNEL32.DLL+0x1257d]
C  [ntdll.dll+0x5aa58]


---------------  P R O C E S S  ---------------

Threads class SMR info:
_java_thread_list=0x000001ee80b6ac60, length=99, elements={
0x000001eedf589900, 0x000001eefa438ee0, 0x000001eefa43a140, 0x000001eefa4824d0,
0x000001eefa483080, 0x000001eefa485b40, 0x000001eefa488500, 0x000001eefa489a30,
0x000001eefa4aa4e0, 0x000001eefa4aeb70, 0x000001eefa627c70, 0x000001eefa658030,
0x000001eefbe44050, 0x000001eefd52e6a0, 0x000001eefb7fd170, 0x000001eefcd50850,
0x000001eefbdcbf90, 0x000001eefd301470, 0x000001eefb3960a0, 0x000001eefbeab980,
0x000001eefd50a200, 0x000001eefd509d30, 0x000001eefd50ba10, 0x000001eefd508050,
0x000001eefd50b070, 0x000001eefd508ec0, 0x000001eefd508520, 0x000001eefd509390,
0x000001eefd5089f0, 0x000001eefd509860, 0x000001eefd50a6d0, 0x000001eefd50aba0,
0x000001eefe1930a0, 0x000001eefe18d530, 0x000001eefe193570, 0x000001eefe18f210,
0x000001eefe18ded0, 0x000001eefe191890, 0x000001eefe1913c0, 0x000001eefe192bd0,
0x000001eefe190550, 0x000001eefe193f10, 0x000001eefe18e870, 0x000001eefe18ed40,
0x000001eefe18f6e0, 0x000001eefe190080, 0x000001eefe192230, 0x000001eefe190ef0,
0x000001eefe18c6c0, 0x000001eefe191d60, 0x000001eefe192700, 0x000001eefb9f8040,
0x000001eefb9fdbb0, 0x000001eefb9fd210, 0x000001eefb9fb530, 0x000001eefb9fe080,
0x000001eefb9fbed0, 0x000001eefb9f71d0, 0x000001eefb9fd6e0, 0x000001eefb9fa1f0,
0x000001eefb9fe550, 0x000001eefb9f9380, 0x000001eefb9f89e0, 0x000001eefb9f8510,
0x000001eefb9f9850, 0x000001eefb9f6d00, 0x000001eefb9f76a0, 0x000001eefb9fa6c0,
0x000001eefb9f7b70, 0x000001eefb9f8eb0, 0x000001eefb9f9d20, 0x000001eefb9fab90,
0x000001eefb9fba00, 0x000001eefb9fb060, 0x000001eefb9fc3a0, 0x000001eefb9fc870,
0x000001eefb9fcd40, 0x000001ee81e976e0, 0x000001ee81e9a700, 0x000001ee81e9b0a0,
0x000001ee81e98550, 0x000001ee81e9abd0, 0x000001ee81e98a20, 0x000001ee81e97bb0,
0x000001ee81e95060, 0x000001ee81e98ef0, 0x000001ee81e9c3e0, 0x000001ee81e9c8b0,
0x000001ee81e98080, 0x000001ee81e95530, 0x000001ee81e99890, 0x000001ee81e99d60,
0x000001ee81e9b570, 0x000001ee81e9ba40, 0x000001ee81e95a00, 0x000001ee81e9a230,
0x000001ee81e9bf10, 0x000001ee81e95ed0, 0x000001eefa7400e0
}

Java Threads: ( => current thread )
  0x000001eedf589900 JavaThread "main" [_thread_blocked, id=17796, stack(0x0000004bd5200000,0x0000004bd5300000)]
  0x000001eefa438ee0 JavaThread "Reference Handler" daemon [_thread_blocked, id=14284, stack(0x0000004bd5900000,0x0000004bd5a00000)]
  0x000001eefa43a140 JavaThread "Finalizer" daemon [_thread_blocked, id=31288, stack(0x0000004bd5a00000,0x0000004bd5b00000)]
  0x000001eefa4824d0 JavaThread "Signal Dispatcher" daemon [_thread_blocked, id=46252, stack(0x0000004bd5b00000,0x0000004bd5c00000)]
  0x000001eefa483080 JavaThread "Attach Listener" daemon [_thread_blocked, id=46668, stack(0x0000004bd5c00000,0x0000004bd5d00000)]
  0x000001eefa485b40 JavaThread "Service Thread" daemon [_thread_blocked, id=51676, stack(0x0000004bd5d00000,0x0000004bd5e00000)]
  0x000001eefa488500 JavaThread "Monitor Deflation Thread" daemon [_thread_blocked, id=24504, stack(0x0000004bd5e00000,0x0000004bd5f00000)]
=>0x000001eefa489a30 JavaThread "C2 CompilerThread0" daemon [_thread_in_native, id=43744, stack(0x0000004bd5f00000,0x0000004bd6000000)]
  0x000001eefa4aa4e0 JavaThread "C1 CompilerThread0" daemon [_thread_blocked, id=15496, stack(0x0000004bd6000000,0x0000004bd6100000)]
  0x000001eefa4aeb70 JavaThread "Sweeper thread" daemon [_thread_blocked, id=2860, stack(0x0000004bd6100000,0x0000004bd6200000)]
  0x000001eefa627c70 JavaThread "Common-Cleaner" daemon [_thread_blocked, id=2720, stack(0x0000004bd6200000,0x0000004bd6300000)]
  0x000001eefa658030 JavaThread "Notification Thread" daemon [_thread_blocked, id=14468, stack(0x0000004bd6300000,0x0000004bd6400000)]
  0x000001eefbe44050 JavaThread "Daemon health stats" [_thread_blocked, id=37808, stack(0x0000004bd6c00000,0x0000004bd6d00000)]
  0x000001eefd52e6a0 JavaThread "Incoming local TCP Connector on port 4297" [_thread_in_native, id=49352, stack(0x0000004bd6d00000,0x0000004bd6e00000)]
  0x000001eefb7fd170 JavaThread "Daemon periodic checks" [_thread_blocked, id=12384, stack(0x0000004bd6e00000,0x0000004bd6f00000)]
  0x000001eefcd50850 JavaThread "Daemon" [_thread_blocked, id=10956, stack(0x0000004bd6f00000,0x0000004bd7000000)]
  0x000001eefbdcbf90 JavaThread "Handler for socket connection from /127.0.0.1:4297 to /127.0.0.1:4298" [_thread_in_native, id=13832, stack(0x0000004bd7000000,0x0000004bd7100000)]
  0x000001eefd301470 JavaThread "Cancel handler" [_thread_blocked, id=10620, stack(0x0000004bd7100000,0x0000004bd7200000)]
  0x000001eefb3960a0 JavaThread "Daemon worker" [_thread_in_native, id=42232, stack(0x0000004bd7200000,0x0000004bd7300000)]
  0x000001eefbeab980 JavaThread "Asynchronous log dispatcher for DefaultDaemonConnection: socket connection from /127.0.0.1:4297 to /127.0.0.1:4298" [_thread_blocked, id=1004, stack(0x0000004bd7300000,0x0000004bd7400000)]
  0x000001eefd50a200 JavaThread "Stdin handler" [_thread_blocked, id=40800, stack(0x0000004bd7400000,0x0000004bd7500000)]
  0x000001eefd509d30 JavaThread "Daemon client event forwarder" [_thread_blocked, id=49372, stack(0x0000004bd7500000,0x0000004bd7600000)]
  0x000001eefd50ba10 JavaThread "Cache worker for journal cache (C:\Users\dmaha\OneDrive\Desktop\NEW PROJECT\SLIITLibrary1\SLIITLibrary\.gradle\caches\journal-1)" [_thread_blocked, id=32512, stack(0x0000004bd7c00000,0x0000004bd7d00000)]
  0x000001eefd508050 JavaThread "File lock request listener" [_thread_in_native, id=24988, stack(0x0000004bd7d00000,0x0000004bd7e00000)]
  0x000001eefd50b070 JavaThread "Cache worker for file hash cache (C:\Users\dmaha\OneDrive\Desktop\NEW PROJECT\SLIITLibrary1\SLIITLibrary\.gradle\caches\8.0\fileHashes)" [_thread_blocked, id=43320, stack(0x0000004bd7e00000,0x0000004bd7f00000)]
  0x000001eefd508ec0 JavaThread "File watcher server" daemon [_thread_in_native, id=35460, stack(0x0000004bd7f00000,0x0000004bd8000000)]
  0x000001eefd508520 JavaThread "File watcher consumer" daemon [_thread_blocked, id=43052, stack(0x0000004bd8000000,0x0000004bd8100000)]
  0x000001eefd509390 JavaThread "Cache worker for checksums cache (C:\Users\dmaha\AndroidStudioProjects\BOOKSHOP2\.gradle\8.0\checksums)" [_thread_blocked, id=47344, stack(0x0000004bd8100000,0x0000004bd8200000)]
  0x000001eefd5089f0 JavaThread "Cache worker for cache directory md-rule (C:\Users\dmaha\OneDrive\Desktop\NEW PROJECT\SLIITLibrary1\SLIITLibrary\.gradle\caches\8.0\md-rule)" [_thread_blocked, id=34800, stack(0x0000004bd6500000,0x0000004bd6600000)]
  0x000001eefd509860 JavaThread "Cache worker for file content cache (C:\Users\dmaha\OneDrive\Desktop\NEW PROJECT\SLIITLibrary1\SLIITLibrary\.gradle\caches\8.0\fileContent)" [_thread_blocked, id=49604, stack(0x0000004bd6600000,0x0000004bd6700000)]
  0x000001eefd50a6d0 JavaThread "Cache worker for file hash cache (C:\Users\dmaha\AndroidStudioProjects\BOOKSHOP2\.gradle\8.0\fileHashes)" [_thread_blocked, id=21560, stack(0x0000004bd8200000,0x0000004bd8300000)]
  0x000001eefd50aba0 JavaThread "Cache worker for cache directory md-supplier (C:\Users\dmaha\OneDrive\Desktop\NEW PROJECT\SLIITLibrary1\SLIITLibrary\.gradle\caches\8.0\md-supplier)" [_thread_blocked, id=47816, stack(0x0000004bd8300000,0x0000004bd8400000)]
  0x000001eefe1930a0 JavaThread "Cache worker for execution history cache (C:\Users\dmaha\OneDrive\Desktop\NEW PROJECT\SLIITLibrary1\SLIITLibrary\.gradle\caches\8.0\executionHistory)" [_thread_blocked, id=18436, stack(0x0000004bd8400000,0x0000004bd8500000)]
  0x000001eefe18d530 JavaThread "jar transforms" [_thread_blocked, id=6292, stack(0x0000004bd8700000,0x0000004bd8800000)]
  0x000001eefe193570 JavaThread "jar transforms Thread 2" [_thread_blocked, id=13972, stack(0x0000004bd8800000,0x0000004bd8900000)]
  0x000001eefe18f210 JavaThread "jar transforms Thread 3" [_thread_blocked, id=13860, stack(0x0000004bd8900000,0x0000004bd8a00000)]
  0x000001eefe18ded0 JavaThread "jar transforms Thread 4" [_thread_blocked, id=32672, stack(0x0000004bd8d00000,0x0000004bd8e00000)]
  0x000001eefe191890 JavaThread "Cache worker for dependencies-accessors (C:\Users\dmaha\AndroidStudioProjects\BOOKSHOP2\.gradle\8.0\dependencies-accessors)" [_thread_blocked, id=23056, stack(0x0000004bd8e00000,0x0000004bd8f00000)]
  0x000001eefe1913c0 JavaThread "jar transforms Thread 5" [_thread_blocked, id=20964, stack(0x0000004bd8f00000,0x0000004bd9000000)]
  0x000001eefe192bd0 JavaThread "Cache worker for Build Output Cleanup Cache (C:\Users\dmaha\AndroidStudioProjects\BOOKSHOP2\.gradle\buildOutputCleanup)" [_thread_blocked, id=16492, stack(0x0000004bd8500000,0x0000004bd8600000)]
  0x000001eefe190550 JavaThread "Unconstrained build operations" [_thread_blocked, id=47320, stack(0x0000004bd8600000,0x0000004bd8700000)]
  0x000001eefe193f10 JavaThread "Unconstrained build operations Thread 2" [_thread_blocked, id=46440, stack(0x0000004bd9100000,0x0000004bd9200000)]
  0x000001eefe18e870 JavaThread "Unconstrained build operations Thread 3" [_thread_blocked, id=22036, stack(0x0000004bd9200000,0x0000004bd9300000)]
  0x000001eefe18ed40 JavaThread "Unconstrained build operations Thread 4" [_thread_blocked, id=21092, stack(0x0000004bd9300000,0x0000004bd9400000)]
  0x000001eefe18f6e0 JavaThread "Unconstrained build operations Thread 5" [_thread_blocked, id=49656, stack(0x0000004bd9400000,0x0000004bd9500000)]
  0x000001eefe190080 JavaThread "Unconstrained build operations Thread 6" [_thread_blocked, id=49404, stack(0x0000004bd9500000,0x0000004bd9600000)]
  0x000001eefe192230 JavaThread "Unconstrained build operations Thread 7" [_thread_blocked, id=37804, stack(0x0000004bd9600000,0x0000004bd9700000)]
  0x000001eefe190ef0 JavaThread "Unconstrained build operations Thread 8" [_thread_blocked, id=16152, stack(0x0000004bd9700000,0x0000004bd9800000)]
  0x000001eefe18c6c0 JavaThread "Unconstrained build operations Thread 9" [_thread_blocked, id=11620, stack(0x0000004bd9800000,0x0000004bd9900000)]
  0x000001eefe191d60 JavaThread "Unconstrained build operations Thread 10" [_thread_blocked, id=48724, stack(0x0000004bd9900000,0x0000004bd9a00000)]
  0x000001eefe192700 JavaThread "Unconstrained build operations Thread 11" [_thread_in_native, id=27716, stack(0x0000004bd9a00000,0x0000004bd9b00000)]
  0x000001eefb9f8040 JavaThread "Unconstrained build operations Thread 12" [_thread_blocked, id=3508, stack(0x0000004bd9b00000,0x0000004bd9c00000)]
  0x000001eefb9fdbb0 JavaThread "Unconstrained build operations Thread 13" [_thread_in_native, id=8044, stack(0x0000004bd9c00000,0x0000004bd9d00000)]
  0x000001eefb9fd210 JavaThread "Unconstrained build operations Thread 14" [_thread_in_native, id=19984, stack(0x0000004bd9d00000,0x0000004bd9e00000)]
  0x000001eefb9fb530 JavaThread "Unconstrained build operations Thread 15" [_thread_in_native, id=14096, stack(0x0000004bd9e00000,0x0000004bd9f00000)]
  0x000001eefb9fe080 JavaThread "Unconstrained build operations Thread 16" [_thread_in_native, id=2012, stack(0x0000004bd9f00000,0x0000004bda000000)]
  0x000001eefb9fbed0 JavaThread "Unconstrained build operations Thread 17" [_thread_blocked, id=10636, stack(0x0000004bda000000,0x0000004bda100000)]
  0x000001eefb9f71d0 JavaThread "Unconstrained build operations Thread 18" [_thread_in_native, id=35472, stack(0x0000004bda100000,0x0000004bda200000)]
  0x000001eefb9fd6e0 JavaThread "Unconstrained build operations Thread 19" [_thread_blocked, id=17132, stack(0x0000004bda200000,0x0000004bda300000)]
  0x000001eefb9fa1f0 JavaThread "Unconstrained build operations Thread 20" [_thread_in_native, id=4424, stack(0x0000004bda300000,0x0000004bda400000)]
  0x000001eefb9fe550 JavaThread "Unconstrained build operations Thread 21" [_thread_blocked, id=15492, stack(0x0000004bda400000,0x0000004bda500000)]
  0x000001eefb9f9380 JavaThread "Unconstrained build operations Thread 22" [_thread_blocked, id=45060, stack(0x0000004bda500000,0x0000004bda600000)]
  0x000001eefb9f89e0 JavaThread "Unconstrained build operations Thread 23" [_thread_in_native, id=716, stack(0x0000004bda600000,0x0000004bda700000)]
  0x000001eefb9f8510 JavaThread "Unconstrained build operations Thread 24" [_thread_blocked, id=46244, stack(0x0000004bda700000,0x0000004bda800000)]
  0x000001eefb9f9850 JavaThread "Unconstrained build operations Thread 25" [_thread_blocked, id=11308, stack(0x0000004bda800000,0x0000004bda900000)]
  0x000001eefb9f6d00 JavaThread "Unconstrained build operations Thread 26" [_thread_blocked, id=49332, stack(0x0000004bda900000,0x0000004bdaa00000)]
  0x000001eefb9f76a0 JavaThread "Unconstrained build operations Thread 27" [_thread_blocked, id=46196, stack(0x0000004bdaa00000,0x0000004bdab00000)]
  0x000001eefb9fa6c0 JavaThread "Unconstrained build operations Thread 28" [_thread_blocked, id=7500, stack(0x0000004bdab00000,0x0000004bdac00000)]
  0x000001eefb9f7b70 JavaThread "Unconstrained build operations Thread 29" [_thread_blocked, id=47980, stack(0x0000004bdac00000,0x0000004bdad00000)]
  0x000001eefb9f8eb0 JavaThread "Unconstrained build operations Thread 30" [_thread_blocked, id=50212, stack(0x0000004bdad00000,0x0000004bdae00000)]
  0x000001eefb9f9d20 JavaThread "Unconstrained build operations Thread 31" [_thread_blocked, id=51432, stack(0x0000004bdae00000,0x0000004bdaf00000)]
  0x000001eefb9fab90 JavaThread "Unconstrained build operations Thread 32" [_thread_blocked, id=2364, stack(0x0000004bdaf00000,0x0000004bdb000000)]
  0x000001eefb9fba00 JavaThread "Unconstrained build operations Thread 33" [_thread_blocked, id=37836, stack(0x0000004bdb000000,0x0000004bdb100000)]
  0x000001eefb9fb060 JavaThread "Unconstrained build operations Thread 34" [_thread_blocked, id=3884, stack(0x0000004bdb100000,0x0000004bdb200000)]
  0x000001eefb9fc3a0 JavaThread "Unconstrained build operations Thread 35" [_thread_blocked, id=35136, stack(0x0000004bdb200000,0x0000004bdb300000)]
  0x000001eefb9fc870 JavaThread "Unconstrained build operations Thread 36" [_thread_blocked, id=50328, stack(0x0000004bdb300000,0x0000004bdb400000)]
  0x000001eefb9fcd40 JavaThread "Unconstrained build operations Thread 37" [_thread_blocked, id=46388, stack(0x0000004bdb400000,0x0000004bdb500000)]
  0x000001ee81e976e0 JavaThread "Unconstrained build operations Thread 38" [_thread_blocked, id=10268, stack(0x0000004bdb500000,0x0000004bdb600000)]
  0x000001ee81e9a700 JavaThread "Unconstrained build operations Thread 39" [_thread_blocked, id=6944, stack(0x0000004bdb600000,0x0000004bdb700000)]
  0x000001ee81e9b0a0 JavaThread "Unconstrained build operations Thread 40" [_thread_blocked, id=50316, stack(0x0000004bdb700000,0x0000004bdb800000)]
  0x000001ee81e98550 JavaThread "Unconstrained build operations Thread 41" [_thread_blocked, id=21508, stack(0x0000004bdb800000,0x0000004bdb900000)]
  0x000001ee81e9abd0 JavaThread "Unconstrained build operations Thread 42" [_thread_blocked, id=23456, stack(0x0000004bdb900000,0x0000004bdba00000)]
  0x000001ee81e98a20 JavaThread "Unconstrained build operations Thread 43" [_thread_blocked, id=40036, stack(0x0000004bdba00000,0x0000004bdbb00000)]
  0x000001ee81e97bb0 JavaThread "Unconstrained build operations Thread 44" [_thread_blocked, id=12400, stack(0x0000004bdbb00000,0x0000004bdbc00000)]
  0x000001ee81e95060 JavaThread "Unconstrained build operations Thread 45" [_thread_blocked, id=47936, stack(0x0000004bdbc00000,0x0000004bdbd00000)]
  0x000001ee81e98ef0 JavaThread "Unconstrained build operations Thread 46" [_thread_blocked, id=23808, stack(0x0000004bdbd00000,0x0000004bdbe00000)]
  0x000001ee81e9c3e0 JavaThread "Unconstrained build operations Thread 47" [_thread_blocked, id=6956, stack(0x0000004bdbe00000,0x0000004bdbf00000)]
  0x000001ee81e9c8b0 JavaThread "Unconstrained build operations Thread 48" [_thread_blocked, id=47524, stack(0x0000004bdbf00000,0x0000004bdc000000)]
  0x000001ee81e98080 JavaThread "Unconstrained build operations Thread 49" [_thread_blocked, id=52092, stack(0x0000004bdc000000,0x0000004bdc100000)]
  0x000001ee81e95530 JavaThread "Unconstrained build operations Thread 50" [_thread_blocked, id=17752, stack(0x0000004bdc100000,0x0000004bdc200000)]
  0x000001ee81e99890 JavaThread "Unconstrained build operations Thread 51" [_thread_blocked, id=50828, stack(0x0000004bdc200000,0x0000004bdc300000)]
  0x000001ee81e99d60 JavaThread "Unconstrained build operations Thread 52" [_thread_blocked, id=49748, stack(0x0000004bdc300000,0x0000004bdc400000)]
  0x000001ee81e9b570 JavaThread "Unconstrained build operations Thread 53" [_thread_blocked, id=43784, stack(0x0000004bdc400000,0x0000004bdc500000)]
  0x000001ee81e9ba40 JavaThread "Unconstrained build operations Thread 54" [_thread_in_native, id=51272, stack(0x0000004bdc500000,0x0000004bdc600000)]
  0x000001ee81e95a00 JavaThread "Unconstrained build operations Thread 55" [_thread_in_native, id=14824, stack(0x0000004bdc600000,0x0000004bdc700000)]
  0x000001ee81e9a230 JavaThread "Unconstrained build operations Thread 56" [_thread_blocked, id=11840, stack(0x0000004bdc700000,0x0000004bdc800000)]
  0x000001ee81e9bf10 JavaThread "Unconstrained build operations Thread 57" [_thread_in_native, id=31164, stack(0x0000004bdc800000,0x0000004bdc900000)]
  0x000001ee81e95ed0 JavaThread "Unconstrained build operations Thread 58" [_thread_blocked, id=15820, stack(0x0000004bdc900000,0x0000004bdca00000)]
  0x000001eefa7400e0 JavaThread "C2 CompilerThread1" daemon [_thread_in_native, id=24660, stack(0x0000004bdca00000,0x0000004bdcb00000)]

Other Threads:
  0x000001eef984ed10 VMThread "VM Thread" [stack: 0x0000004bd5800000,0x0000004bd5900000] [id=7288]
  0x000001eefa65a910 WatcherThread [stack: 0x0000004bd6400000,0x0000004bd6500000] [id=13720]
  0x000001eedf5e4030 GCTaskThread "GC Thread#0" [stack: 0x0000004bd5300000,0x0000004bd5400000] [id=22344]
  0x000001eefabf73e0 GCTaskThread "GC Thread#1" [stack: 0x0000004bd6700000,0x0000004bd6800000] [id=49496]
  0x000001eefb166f00 GCTaskThread "GC Thread#2" [stack: 0x0000004bd6800000,0x0000004bd6900000] [id=11100]
  0x000001eefb02a660 GCTaskThread "GC Thread#3" [stack: 0x0000004bd6900000,0x0000004bd6a00000] [id=6500]
  0x000001eefb02a910 GCTaskThread "GC Thread#4" [stack: 0x0000004bd6a00000,0x0000004bd6b00000] [id=48876]
  0x000001eefb02abc0 GCTaskThread "GC Thread#5" [stack: 0x0000004bd6b00000,0x0000004bd6c00000] [id=17028]
  0x000001eefd89dc60 GCTaskThread "GC Thread#6" [stack: 0x0000004bd7600000,0x0000004bd7700000] [id=49760]
  0x000001eefd50c820 GCTaskThread "GC Thread#7" [stack: 0x0000004bd7700000,0x0000004bd7800000] [id=596]
  0x000001eefd012330 GCTaskThread "GC Thread#8" [stack: 0x0000004bd7800000,0x0000004bd7900000] [id=49416]
  0x000001eefd11d620 GCTaskThread "GC Thread#9" [stack: 0x0000004bd7900000,0x0000004bd7a00000] [id=33000]
  0x000001eedf5f4f70 ConcurrentGCThread "G1 Main Marker" [stack: 0x0000004bd5400000,0x0000004bd5500000] [id=46876]
  0x000001eedf5f5980 ConcurrentGCThread "G1 Conc#0" [stack: 0x0000004bd5500000,0x0000004bd5600000] [id=51436]
  0x000001eefd11dcd0 ConcurrentGCThread "G1 Conc#1" [stack: 0x0000004bd7a00000,0x0000004bd7b00000] [id=11820]
  0x000001eefdac3cd0 ConcurrentGCThread "G1 Conc#2" [stack: 0x0000004bd7b00000,0x0000004bd7c00000] [id=49028]
  0x000001eedf64ecb0 ConcurrentGCThread "G1 Refine#0" [stack: 0x0000004bd5600000,0x0000004bd5700000] [id=52024]
  0x000001ee80997070 ConcurrentGCThread "G1 Refine#1" [stack: 0x0000004bd8a00000,0x0000004bd8b00000] [id=15236]
  0x000001ee80997630 ConcurrentGCThread "G1 Refine#2" [stack: 0x0000004bd8b00000,0x0000004bd8c00000] [id=51384]
  0x000001ee80997910 ConcurrentGCThread "G1 Refine#3" [stack: 0x0000004bd8c00000,0x0000004bd8d00000] [id=16348]
  0x000001eef96dd910 ConcurrentGCThread "G1 Service" [stack: 0x0000004bd5700000,0x0000004bd5800000] [id=46972]

Threads with active compile tasks:
C2 CompilerThread0    15067 7593       4       sun.security.ec.ECOperations::setDouble (559 bytes)
C2 CompilerThread1    15067 7671       4       com.sun.org.apache.xerces.internal.impl.XMLEntityScanner::normalizeNewlines (498 bytes)

VM state: not at safepoint (normal execution)

VM Mutex/Monitor currently owned by a thread: None

Heap address: 0x0000000080000000, size: 2048 MB, Compressed Oops mode: 32-bit

CDS archive(s) not mapped
Compressed class space mapped at: 0x0000000100000000-0x0000000140000000, reserved size: 1073741824
Narrow klass base: 0x0000000000000000, Narrow klass shift: 3, Narrow klass range: 0x140000000

GC Precious Log:
 CPUs: 12 total, 12 available
 Memory: 16122M
 Large Page Support: Disabled
 NUMA Support: Disabled
 Compressed Oops: Enabled (32-bit)
 Heap Region Size: 1M
 Heap Min Capacity: 8M
 Heap Initial Capacity: 252M
 Heap Max Capacity: 2G
 Pre-touch: Disabled
 Parallel Workers: 10
 Concurrent Workers: 3
 Concurrent Refinement Workers: 10
 Periodic GC: Disabled

Heap:
 garbage-first heap   total 141312K, used 96056K [0x0000000080000000, 0x0000000100000000)
  region size 1024K, 60 young (61440K), 4 survivors (4096K)
 Metaspace       used 66856K, committed 67328K, reserved 1114112K
  class space    used 8735K, committed 8960K, reserved 1048576K

Heap Regions: E=young(eden), S=young(survivor), O=old, HS=humongous(starts), HC=humongous(continues), CS=collection set, F=free, OA=open archive, CA=closed archive, TAMS=top-at-mark-start (previous, next)
|   0|0x0000000080000000, 0x0000000080100000, 0x0000000080100000|100%|HS|  |TAMS 0x0000000080100000, 0x0000000080000000| Complete 
|   1|0x0000000080100000, 0x0000000080200000, 0x0000000080200000|100%|HC|  |TAMS 0x0000000080200000, 0x0000000080100000| Complete 
|   2|0x0000000080200000, 0x0000000080300000, 0x0000000080300000|100%|HC|  |TAMS 0x0000000080300000, 0x0000000080200000| Complete 
|   3|0x0000000080300000, 0x0000000080400000, 0x0000000080400000|100%|HC|  |TAMS 0x0000000080400000, 0x0000000080300000| Complete 
|   4|0x0000000080400000, 0x0000000080500000, 0x0000000080500000|100%| O|  |TAMS 0x0000000080500000, 0x0000000080400000| Untracked 
|   5|0x0000000080500000, 0x0000000080600000, 0x0000000080600000|100%| O|  |TAMS 0x0000000080600000, 0x0000000080500000| Untracked 
|   6|0x0000000080600000, 0x0000000080700000, 0x0000000080700000|100%| O|  |TAMS 0x0000000080700000, 0x0000000080600000| Untracked 
|   7|0x0000000080700000, 0x0000000080800000, 0x0000000080800000|100%| O|  |TAMS 0x0000000080800000, 0x0000000080700000| Untracked 
|   8|0x0000000080800000, 0x0000000080900000, 0x0000000080900000|100%| O|  |TAMS 0x0000000080900000, 0x0000000080800000| Untracked 
|   9|0x0000000080900000, 0x00000000809f8200, 0x0000000080a00000| 96%| O|  |TAMS 0x00000000809f8200, 0x0000000080900000| Untracked 
|  10|0x0000000080a00000, 0x0000000080b00000, 0x0000000080b00000|100%| O|  |TAMS 0x0000000080b00000, 0x0000000080a00000| Untracked 
|  11|0x0000000080b00000, 0x0000000080c00000, 0x0000000080c00000|100%| O|  |TAMS 0x0000000080c00000, 0x0000000080b00000| Untracked 
|  12|0x0000000080c00000, 0x0000000080d00000, 0x0000000080d00000|100%| O|  |TAMS 0x0000000080d00000, 0x0000000080c00000| Untracked 
|  13|0x0000000080d00000, 0x0000000080e00000, 0x0000000080e00000|100%| O|  |TAMS 0x0000000080e00000, 0x0000000080d00000| Untracked 
|  14|0x0000000080e00000, 0x0000000080f00000, 0x0000000080f00000|100%| O|  |TAMS 0x0000000080f00000, 0x0000000080e00000| Untracked 
|  15|0x0000000080f00000, 0x0000000081000000, 0x0000000081000000|100%| O|  |TAMS 0x0000000081000000, 0x0000000080f00000| Untracked 
|  16|0x0000000081000000, 0x0000000081100000, 0x0000000081100000|100%| O|  |TAMS 0x0000000081100000, 0x0000000081000000| Untracked 
|  17|0x0000000081100000, 0x0000000081200000, 0x0000000081200000|100%| O|  |TAMS 0x0000000081200000, 0x0000000081100000| Untracked 
|  18|0x0000000081200000, 0x0000000081300000, 0x0000000081300000|100%| O|  |TAMS 0x0000000081300000, 0x0000000081200000| Untracked 
|  19|0x0000000081300000, 0x0000000081400000, 0x0000000081400000|100%| O|  |TAMS 0x0000000081400000, 0x0000000081300000| Untracked 
|  20|0x0000000081400000, 0x0000000081500000, 0x0000000081500000|100%| O|  |TAMS 0x0000000081500000, 0x0000000081400000| Untracked 
|  21|0x0000000081500000, 0x0000000081600000, 0x0000000081600000|100%| O|  |TAMS 0x0000000081600000, 0x0000000081500000| Untracked 
|  22|0x0000000081600000, 0x0000000081700000, 0x0000000081700000|100%| O|  |TAMS 0x0000000081700000, 0x0000000081600000| Untracked 
|  23|0x0000000081700000, 0x0000000081800000, 0x0000000081800000|100%| O|  |TAMS 0x0000000081800000, 0x0000000081700000| Untracked 
|  24|0x0000000081800000, 0x0000000081900000, 0x0000000081900000|100%| O|  |TAMS 0x0000000081900000, 0x0000000081800000| Untracked 
|  25|0x0000000081900000, 0x0000000081a00000, 0x0000000081a00000|100%| O|  |TAMS 0x0000000081931200, 0x0000000081900000| Untracked 
|  26|0x0000000081a00000, 0x0000000081b00000, 0x0000000081b00000|100%| O|  |TAMS 0x0000000081b00000, 0x0000000081a00000| Untracked 
|  27|0x0000000081b00000, 0x0000000081c00000, 0x0000000081c00000|100%| O|  |TAMS 0x0000000081c00000, 0x0000000081b00000| Untracked 
|  28|0x0000000081c00000, 0x0000000081d00000, 0x0000000081d00000|100%| O|  |TAMS 0x0000000081d00000, 0x0000000081c00000| Untracked 
|  29|0x0000000081d00000, 0x0000000081e00000, 0x0000000081e00000|100%| O|  |TAMS 0x0000000081e00000, 0x0000000081d00000| Untracked 
|  30|0x0000000081e00000, 0x0000000081f00000, 0x0000000081f00000|100%| O|  |TAMS 0x0000000081f00000, 0x0000000081e00000| Untracked 
|  31|0x0000000081f00000, 0x0000000082000000, 0x0000000082000000|100%| O|  |TAMS 0x0000000082000000, 0x0000000081f00000| Untracked 
|  32|0x0000000082000000, 0x0000000082100000, 0x0000000082100000|100%| O|  |TAMS 0x0000000082100000, 0x0000000082000000| Untracked 
|  33|0x0000000082100000, 0x0000000082200000, 0x0000000082200000|100%| O|  |TAMS 0x0000000082200000, 0x0000000082100000| Untracked 
|  34|0x0000000082200000, 0x0000000082300000, 0x0000000082300000|100%| O|  |TAMS 0x0000000082300000, 0x0000000082200000| Untracked 
|  35|0x0000000082300000, 0x0000000082400000, 0x0000000082400000|100%| O|  |TAMS 0x0000000082300000, 0x0000000082300000| Untracked 
|  36|0x0000000082400000, 0x0000000082450a00, 0x0000000082500000| 31%| O|  |TAMS 0x0000000082400000, 0x0000000082400000| Untracked 
|  37|0x0000000082500000, 0x0000000082500000, 0x0000000082600000|  0%| F|  |TAMS 0x0000000082500000, 0x0000000082500000| Untracked 
|  38|0x0000000082600000, 0x0000000082600000, 0x0000000082700000|  0%| F|  |TAMS 0x0000000082600000, 0x0000000082600000| Untracked 
|  39|0x0000000082700000, 0x0000000082700000, 0x0000000082800000|  0%| F|  |TAMS 0x0000000082700000, 0x0000000082700000| Untracked 
|  40|0x0000000082800000, 0x0000000082800000, 0x0000000082900000|  0%| F|  |TAMS 0x0000000082800000, 0x0000000082800000| Untracked 
|  41|0x0000000082900000, 0x0000000082900000, 0x0000000082a00000|  0%| F|  |TAMS 0x0000000082900000, 0x0000000082900000| Untracked 
|  42|0x0000000082a00000, 0x0000000082a00000, 0x0000000082b00000|  0%| F|  |TAMS 0x0000000082a00000, 0x0000000082a00000| Untracked 
|  43|0x0000000082b00000, 0x0000000082b00000, 0x0000000082c00000|  0%| F|  |TAMS 0x0000000082b00000, 0x0000000082b00000| Untracked 
|  44|0x0000000082c00000, 0x0000000082c00000, 0x0000000082d00000|  0%| F|  |TAMS 0x0000000082c00000, 0x0000000082c00000| Untracked 
|  45|0x0000000082d00000, 0x0000000082d00000, 0x0000000082e00000|  0%| F|  |TAMS 0x0000000082d00000, 0x0000000082d00000| Untracked 
|  46|0x0000000082e00000, 0x0000000082e00000, 0x0000000082f00000|  0%| F|  |TAMS 0x0000000082e00000, 0x0000000082e00000| Untracked 
|  47|0x0000000082f00000, 0x0000000082f00000, 0x0000000083000000|  0%| F|  |TAMS 0x0000000082f00000, 0x0000000082f00000| Untracked 
|  48|0x0000000083000000, 0x0000000083000000, 0x0000000083100000|  0%| F|  |TAMS 0x0000000083000000, 0x0000000083000000| Untracked 
|  49|0x0000000083100000, 0x0000000083100000, 0x0000000083200000|  0%| F|  |TAMS 0x0000000083100000, 0x0000000083100000| Untracked 
|  50|0x0000000083200000, 0x0000000083200000, 0x0000000083300000|  0%| F|  |TAMS 0x0000000083200000, 0x0000000083200000| Untracked 
|  51|0x0000000083300000, 0x0000000083300000, 0x0000000083400000|  0%| F|  |TAMS 0x0000000083300000, 0x0000000083300000| Untracked 
|  52|0x0000000083400000, 0x0000000083400000, 0x0000000083500000|  0%| F|  |TAMS 0x0000000083400000, 0x0000000083400000| Untracked 
|  53|0x0000000083500000, 0x0000000083500000, 0x0000000083600000|  0%| F|  |TAMS 0x0000000083500000, 0x0000000083500000| Untracked 
|  54|0x0000000083600000, 0x0000000083600000, 0x0000000083700000|  0%| F|  |TAMS 0x0000000083600000, 0x0000000083600000| Untracked 
|  55|0x0000000083700000, 0x0000000083700000, 0x0000000083800000|  0%| F|  |TAMS 0x0000000083700000, 0x0000000083700000| Untracked 
|  56|0x0000000083800000, 0x0000000083800000, 0x0000000083900000|  0%| F|  |TAMS 0x0000000083800000, 0x0000000083800000| Untracked 
|  57|0x0000000083900000, 0x0000000083900000, 0x0000000083a00000|  0%| F|  |TAMS 0x0000000083900000, 0x0000000083900000| Untracked 
|  58|0x0000000083a00000, 0x0000000083a00000, 0x0000000083b00000|  0%| F|  |TAMS 0x0000000083a00000, 0x0000000083a00000| Untracked 
|  59|0x0000000083b00000, 0x0000000083b00000, 0x0000000083c00000|  0%| F|  |TAMS 0x0000000083b00000, 0x0000000083b00000| Untracked 
|  60|0x0000000083c00000, 0x0000000083c00000, 0x0000000083d00000|  0%| F|  |TAMS 0x0000000083c00000, 0x0000000083c00000| Untracked 
|  61|0x0000000083d00000, 0x0000000083d00000, 0x0000000083e00000|  0%| F|  |TAMS 0x0000000083d00000, 0x0000000083d00000| Untracked 
|  62|0x0000000083e00000, 0x0000000083e00000, 0x0000000083f00000|  0%| F|  |TAMS 0x0000000083e00000, 0x0000000083e00000| Untracked 
|  63|0x0000000083f00000, 0x0000000083f00000, 0x0000000084000000|  0%| F|  |TAMS 0x0000000083f00000, 0x0000000083f00000| Untracked 
|  64|0x0000000084000000, 0x0000000084000000, 0x0000000084100000|  0%| F|  |TAMS 0x0000000084000000, 0x0000000084000000| Untracked 
|  65|0x0000000084100000, 0x0000000084100000, 0x0000000084200000|  0%| F|  |TAMS 0x0000000084100000, 0x0000000084100000| Untracked 
|  66|0x0000000084200000, 0x0000000084200000, 0x0000000084300000|  0%| F|  |TAMS 0x0000000084200000, 0x0000000084200000| Untracked 
|  67|0x0000000084300000, 0x0000000084300000, 0x0000000084400000|  0%| F|  |TAMS 0x0000000084300000, 0x0000000084300000| Untracked 
|  68|0x0000000084400000, 0x0000000084400000, 0x0000000084500000|  0%| F|  |TAMS 0x0000000084400000, 0x0000000084400000| Untracked 
|  69|0x0000000084500000, 0x0000000084500000, 0x0000000084600000|  0%| F|  |TAMS 0x0000000084500000, 0x0000000084500000| Untracked 
|  70|0x0000000084600000, 0x0000000084600000, 0x0000000084700000|  0%| F|  |TAMS 0x0000000084600000, 0x0000000084600000| Untracked 
|  71|0x0000000084700000, 0x0000000084700000, 0x0000000084800000|  0%| F|  |TAMS 0x0000000084700000, 0x0000000084700000| Untracked 
|  72|0x0000000084800000, 0x0000000084800000, 0x0000000084900000|  0%| F|  |TAMS 0x0000000084800000, 0x0000000084800000| Untracked 
|  73|0x0000000084900000, 0x0000000084900000, 0x0000000084a00000|  0%| F|  |TAMS 0x0000000084900000, 0x0000000084900000| Untracked 
|  74|0x0000000084a00000, 0x0000000084a00000, 0x0000000084b00000|  0%| F|  |TAMS 0x0000000084a00000, 0x0000000084a00000| Untracked 
|  75|0x0000000084b00000, 0x0000000084b00000, 0x0000000084c00000|  0%| F|  |TAMS 0x0000000084b00000, 0x0000000084b00000| Untracked 
|  76|0x0000000084c00000, 0x0000000084c00000, 0x0000000084d00000|  0%| F|  |TAMS 0x0000000084c00000, 0x0000000084c00000| Untracked 
|  77|0x0000000084d00000, 0x0000000084d00000, 0x0000000084e00000|  0%| F|  |TAMS 0x0000000084d00000, 0x0000000084d00000| Untracked 
|  78|0x0000000084e00000, 0x0000000084e41048, 0x0000000084f00000| 25%| E|  |TAMS 0x0000000084e00000, 0x0000000084e00000| Complete 
|  79|0x0000000084f00000, 0x0000000085000000, 0x0000000085000000|100%| E|CS|TAMS 0x0000000084f00000, 0x0000000084f00000| Complete 
|  80|0x0000000085000000, 0x0000000085100000, 0x0000000085100000|100%| E|CS|TAMS 0x0000000085000000, 0x0000000085000000| Complete 
|  81|0x0000000085100000, 0x0000000085200000, 0x0000000085200000|100%| E|CS|TAMS 0x0000000085100000, 0x0000000085100000| Complete 
|  82|0x0000000085200000, 0x0000000085300000, 0x0000000085300000|100%| E|CS|TAMS 0x0000000085200000, 0x0000000085200000| Complete 
|  83|0x0000000085300000, 0x0000000085400000, 0x0000000085400000|100%| E|CS|TAMS 0x0000000085300000, 0x0000000085300000| Complete 
|  84|0x0000000085400000, 0x0000000085500000, 0x0000000085500000|100%| E|CS|TAMS 0x0000000085400000, 0x0000000085400000| Complete 
|  85|0x0000000085500000, 0x0000000085600000, 0x0000000085600000|100%| E|CS|TAMS 0x0000000085500000, 0x0000000085500000| Complete 
|  86|0x0000000085600000, 0x0000000085700000, 0x0000000085700000|100%| E|CS|TAMS 0x0000000085600000, 0x0000000085600000| Complete 
|  87|0x0000000085700000, 0x0000000085800000, 0x0000000085800000|100%| E|CS|TAMS 0x0000000085700000, 0x0000000085700000| Complete 
|  88|0x0000000085800000, 0x0000000085900000, 0x0000000085900000|100%| E|CS|TAMS 0x0000000085800000, 0x0000000085800000| Complete 
|  89|0x0000000085900000, 0x0000000085a00000, 0x0000000085a00000|100%| E|CS|TAMS 0x0000000085900000, 0x0000000085900000| Complete 
|  90|0x0000000085a00000, 0x0000000085b00000, 0x0000000085b00000|100%| E|CS|TAMS 0x0000000085a00000, 0x0000000085a00000| Complete 
|  91|0x0000000085b00000, 0x0000000085c00000, 0x0000000085c00000|100%| E|CS|TAMS 0x0000000085b00000, 0x0000000085b00000| Complete 
|  92|0x0000000085c00000, 0x0000000085d00000, 0x0000000085d00000|100%| E|CS|TAMS 0x0000000085c00000, 0x0000000085c00000| Complete 
|  93|0x0000000085d00000, 0x0000000085e00000, 0x0000000085e00000|100%| E|CS|TAMS 0x0000000085d00000, 0x0000000085d00000| Complete 
|  94|0x0000000085e00000, 0x0000000085f00000, 0x0000000085f00000|100%| E|CS|TAMS 0x0000000085e00000, 0x0000000085e00000| Complete 
|  95|0x0000000085f00000, 0x0000000086000000, 0x0000000086000000|100%| E|CS|TAMS 0x0000000085f00000, 0x0000000085f00000| Complete 
|  96|0x0000000086000000, 0x0000000086100000, 0x0000000086100000|100%| E|CS|TAMS 0x0000000086000000, 0x0000000086000000| Complete 
|  97|0x0000000086100000, 0x0000000086200000, 0x0000000086200000|100%| E|CS|TAMS 0x0000000086100000, 0x0000000086100000| Complete 
|  98|0x0000000086200000, 0x0000000086300000, 0x0000000086300000|100%| E|CS|TAMS 0x0000000086200000, 0x0000000086200000| Complete 
|  99|0x0000000086300000, 0x0000000086400000, 0x0000000086400000|100%| E|CS|TAMS 0x0000000086300000, 0x0000000086300000| Complete 
| 100|0x0000000086400000, 0x0000000086500000, 0x0000000086500000|100%| E|CS|TAMS 0x0000000086400000, 0x0000000086400000| Complete 
| 101|0x0000000086500000, 0x0000000086600000, 0x0000000086600000|100%| E|CS|TAMS 0x0000000086500000, 0x0000000086500000| Complete 
| 102|0x0000000086600000, 0x0000000086700000, 0x0000000086700000|100%| E|CS|TAMS 0x0000000086600000, 0x0000000086600000| Complete 
| 103|0x0000000086700000, 0x0000000086800000, 0x0000000086800000|100%| E|CS|TAMS 0x0000000086700000, 0x0000000086700000| Complete 
| 104|0x0000000086800000, 0x0000000086900000, 0x0000000086900000|100%| E|CS|TAMS 0x0000000086800000, 0x0000000086800000| Complete 
| 105|0x0000000086900000, 0x0000000086a00000, 0x0000000086a00000|100%| E|CS|TAMS 0x0000000086900000, 0x0000000086900000| Complete 
| 106|0x0000000086a00000, 0x0000000086b00000, 0x0000000086b00000|100%| E|CS|TAMS 0x0000000086a00000, 0x0000000086a00000| Complete 
| 107|0x0000000086b00000, 0x0000000086c00000, 0x0000000086c00000|100%| E|CS|TAMS 0x0000000086b00000, 0x0000000086b00000| Complete 
| 108|0x0000000086c00000, 0x0000000086d00000, 0x0000000086d00000|100%| E|CS|TAMS 0x0000000086c00000, 0x0000000086c00000| Complete 
| 109|0x0000000086d00000, 0x0000000086e00000, 0x0000000086e00000|100%| E|CS|TAMS 0x0000000086d00000, 0x0000000086d00000| Complete 
| 110|0x0000000086e00000, 0x0000000086f00000, 0x0000000086f00000|100%| E|CS|TAMS 0x0000000086e00000, 0x0000000086e00000| Complete 
| 111|0x0000000086f00000, 0x0000000087000000, 0x0000000087000000|100%| E|CS|TAMS 0x0000000086f00000, 0x0000000086f00000| Complete 
| 112|0x0000000087000000, 0x0000000087100000, 0x0000000087100000|100%| E|CS|TAMS 0x0000000087000000, 0x0000000087000000| Complete 
| 113|0x0000000087100000, 0x0000000087200000, 0x0000000087200000|100%| E|CS|TAMS 0x0000000087100000, 0x0000000087100000| Complete 
| 114|0x0000000087200000, 0x0000000087300000, 0x0000000087300000|100%| E|CS|TAMS 0x0000000087200000, 0x0000000087200000| Complete 
| 115|0x0000000087300000, 0x0000000087400000, 0x0000000087400000|100%| E|CS|TAMS 0x0000000087300000, 0x0000000087300000| Complete 
| 116|0x0000000087400000, 0x0000000087500000, 0x0000000087500000|100%| E|CS|TAMS 0x0000000087400000, 0x0000000087400000| Complete 
| 117|0x0000000087500000, 0x0000000087600000, 0x0000000087600000|100%| E|CS|TAMS 0x0000000087500000, 0x0000000087500000| Complete 
| 118|0x0000000087600000, 0x0000000087700000, 0x0000000087700000|100%| E|CS|TAMS 0x0000000087600000, 0x0000000087600000| Complete 
| 119|0x0000000087700000, 0x0000000087800000, 0x0000000087800000|100%| E|CS|TAMS 0x0000000087700000, 0x0000000087700000| Complete 
| 120|0x0000000087800000, 0x0000000087900000, 0x0000000087900000|100%| E|CS|TAMS 0x0000000087800000, 0x0000000087800000| Complete 
| 121|0x0000000087900000, 0x0000000087a00000, 0x0000000087a00000|100%| E|CS|TAMS 0x0000000087900000, 0x0000000087900000| Complete 
| 122|0x0000000087a00000, 0x0000000087b00000, 0x0000000087b00000|100%| E|CS|TAMS 0x0000000087a00000, 0x0000000087a00000| Complete 
| 123|0x0000000087b00000, 0x0000000087c00000, 0x0000000087c00000|100%| E|CS|TAMS 0x0000000087b00000, 0x0000000087b00000| Complete 
| 124|0x0000000087c00000, 0x0000000087d00000, 0x0000000087d00000|100%| E|CS|TAMS 0x0000000087c00000, 0x0000000087c00000| Complete 
| 125|0x0000000087d00000, 0x0000000087e00000, 0x0000000087e00000|100%| E|CS|TAMS 0x0000000087d00000, 0x0000000087d00000| Complete 
| 126|0x0000000087e00000, 0x0000000087f00000, 0x0000000087f00000|100%| E|CS|TAMS 0x0000000087e00000, 0x0000000087e00000| Complete 
| 127|0x0000000087f00000, 0x0000000088000000, 0x0000000088000000|100%| E|CS|TAMS 0x0000000087f00000, 0x0000000087f00000| Complete 
| 128|0x0000000088000000, 0x0000000088100000, 0x0000000088100000|100%| E|CS|TAMS 0x0000000088000000, 0x0000000088000000| Complete 
| 197|0x000000008c500000, 0x000000008c600000, 0x000000008c600000|100%| E|CS|TAMS 0x000000008c500000, 0x000000008c500000| Complete 
| 198|0x000000008c600000, 0x000000008c700000, 0x000000008c700000|100%| E|CS|TAMS 0x000000008c600000, 0x000000008c600000| Complete 
| 199|0x000000008c700000, 0x000000008c7856e0, 0x000000008c800000| 52%| S|CS|TAMS 0x000000008c700000, 0x000000008c700000| Complete 
| 200|0x000000008c800000, 0x000000008c900000, 0x000000008c900000|100%| S|CS|TAMS 0x000000008c800000, 0x000000008c800000| Complete 
| 201|0x000000008c900000, 0x000000008ca00000, 0x000000008ca00000|100%| S|CS|TAMS 0x000000008c900000, 0x000000008c900000| Complete 
| 202|0x000000008ca00000, 0x000000008cb00000, 0x000000008cb00000|100%| S|CS|TAMS 0x000000008ca00000, 0x000000008ca00000| Complete 
| 203|0x000000008cb00000, 0x000000008cc00000, 0x000000008cc00000|100%| E|CS|TAMS 0x000000008cb00000, 0x000000008cb00000| Complete 
| 204|0x000000008cc00000, 0x000000008cd00000, 0x000000008cd00000|100%| E|CS|TAMS 0x000000008cc00000, 0x000000008cc00000| Complete 
| 251|0x000000008fb00000, 0x000000008fc00000, 0x000000008fc00000|100%| E|  |TAMS 0x000000008fb00000, 0x000000008fb00000| Complete 

Card table byte_map: [0x000001eef23a0000,0x000001eef27a0000] _byte_map_base: 0x000001eef1fa0000

Marking Bits (Prev, Next): (CMBitMap*) 0x000001eedf5e4680, (CMBitMap*) 0x000001eedf5e4640
 Prev Bits: [0x000001eef4ba0000, 0x000001eef6ba0000)
 Next Bits: [0x000001eef2ba0000, 0x000001eef4ba0000)

Polling page: 0x000001eedd4e0000

Metaspace:

Usage:
  Non-class:     56.76 MB used.
      Class:      8.53 MB used.
       Both:     65.29 MB used.

Virtual space:
  Non-class space:       64.00 MB reserved,      57.00 MB ( 89%) committed,  8 nodes.
      Class space:        1.00 GB reserved,       8.75 MB ( <1%) committed,  1 nodes.
             Both:        1.06 GB reserved,      65.75 MB (  6%) committed. 

Chunk freelists:
   Non-Class:  2.51 MB
       Class:  3.30 MB
        Both:  5.81 MB

MaxMetaspaceSize: unlimited
CompressedClassSpaceSize: 1.00 GB
Initial GC threshold: 21.00 MB
Current GC threshold: 98.44 MB
CDS: off
MetaspaceReclaimPolicy: balanced
 - commit_granule_bytes: 65536.
 - commit_granule_words: 8192.
 - virtual_space_node_default_size: 1048576.
 - enlarge_chunks_in_place: 1.
 - new_chunks_are_fully_committed: 0.
 - uncommit_free_chunks: 1.
 - use_allocation_guard: 0.
 - handle_deallocations: 1.


Internal statistics:

num_allocs_failed_limit: 9.
num_arena_births: 534.
num_arena_deaths: 4.
num_vsnodes_births: 9.
num_vsnodes_deaths: 0.
num_space_committed: 1052.
num_space_uncommitted: 0.
num_chunks_returned_to_freelist: 17.
num_chunks_taken_from_freelist: 2524.
num_chunk_merges: 4.
num_chunk_splits: 1680.
num_chunks_enlarged: 1163.
num_purges: 2.
num_inconsistent_stats: 0.

CodeHeap 'non-profiled nmethods': size=120000Kb used=4204Kb max_used=4204Kb free=115795Kb
 bounds [0x000001eeea520000, 0x000001eeea940000, 0x000001eef1a50000]
CodeHeap 'profiled nmethods': size=120000Kb used=13866Kb max_used=13866Kb free=106133Kb
 bounds [0x000001eee2a50000, 0x000001eee37e0000, 0x000001eee9f80000]
CodeHeap 'non-nmethods': size=5760Kb used=2390Kb max_used=2439Kb free=3369Kb
 bounds [0x000001eee9f80000, 0x000001eeea200000, 0x000001eeea520000]
 total_blobs=7850 nmethods=6944 adapters=818
 compilation: enabled
              stopped_count=0, restarted_count=0
 full_count=0

Compilation events (20 events):
Event: 15.037 Thread 0x000001eefa4aa4e0 nmethod 7636 0x000001eeea934910 code [0x000001eeea934aa0, 0x000001eeea934b78]
Event: 15.037 Thread 0x000001eefa4aa4e0 7637       3       org.apache.http.message.BasicLineFormatter::formatHeader (41 bytes)
Event: 15.037 Thread 0x000001eefa4aa4e0 nmethod 7637 0x000001eee37ba810 code [0x000001eee37baaa0, 0x000001eee37bb668]
Event: 15.037 Thread 0x000001eefa4aa4e0 7638       3       java.nio.ByteBuffer::mark (7 bytes)
Event: 15.037 Thread 0x000001eefa4aa4e0 nmethod 7638 0x000001eee37bba90 code [0x000001eee37bbc20, 0x000001eee37bbd98]
Event: 15.038 Thread 0x000001eefa4aa4e0 7639       3       java.lang.Long::parseLong (272 bytes)
Event: 15.039 Thread 0x000001eefa4aa4e0 nmethod 7639 0x000001eee37bbe90 code [0x000001eee37bc320, 0x000001eee37be298]
Event: 15.039 Thread 0x000001eefa4aa4e0 7645       3       java.util.TreeSet::add (22 bytes)
Event: 15.039 Thread 0x000001eefa4aa4e0 nmethod 7645 0x000001eee37bef10 code [0x000001eee37bf0c0, 0x000001eee37bf2e8]
Event: 15.039 Thread 0x000001eefa4aa4e0 7646       3       java.util.TreeMap::addEntry (59 bytes)
Event: 15.039 Thread 0x000001eefa4aa4e0 nmethod 7646 0x000001eee37bf390 code [0x000001eee37bf560, 0x000001eee37bfa28]
Event: 15.039 Thread 0x000001eefa4aa4e0 7643       3       sun.security.provider.certpath.PolicyNodeImpl::getPolicyNodesExpectedHelper (116 bytes)
Event: 15.040 Thread 0x000001eefa4aa4e0 nmethod 7643 0x000001eee37bfc10 code [0x000001eee37bfee0, 0x000001eee37c1318]
Event: 15.040 Thread 0x000001eefa4aa4e0 7642       3       sun.security.util.DerOutputStream::putOctetString (7 bytes)
Event: 15.040 Thread 0x000001eefa4aa4e0 nmethod 7642 0x000001eee37c1910 code [0x000001eee37c1ae0, 0x000001eee37c1e08]
Event: 15.040 Thread 0x000001eefa4aa4e0 7644   !   3       sun.security.x509.X500Name::asX500Principal (51 bytes)
Event: 15.040 Thread 0x000001eefa4aa4e0 nmethod 7644 0x000001eee37c1f90 code [0x000001eee37c21a0, 0x000001eee37c28e8]
Event: 15.040 Thread 0x000001eefa4aa4e0 7648       3       sun.security.ec.point.ProjectivePoint::fixed (35 bytes)
Event: 15.040 Thread 0x000001eefa4aa4e0 nmethod 7648 0x000001eee37c2b90 code [0x000001eee37c2d80, 0x000001eee37c33a8]
Event: 15.040 Thread 0x000001eefa4aa4e0 7641   !   3       sun.security.jca.GetInstance::getInstance (130 bytes)

GC Heap History (20 events):
Event: 2.440 GC heap before
{Heap before GC invocations=6 (full 0):
 garbage-first heap   total 65536K, used 46419K [0x0000000080000000, 0x0000000100000000)
  region size 1024K, 26 young (26624K), 1 survivors (1024K)
 Metaspace       used 30121K, committed 30400K, reserved 1081344K
  class space    used 4095K, committed 4224K, reserved 1048576K
}
Event: 2.442 GC heap after
{Heap after GC invocations=7 (full 0):
 garbage-first heap   total 65536K, used 21940K [0x0000000080000000, 0x0000000100000000)
  region size 1024K, 2 young (2048K), 2 survivors (2048K)
 Metaspace       used 30121K, committed 30400K, reserved 1081344K
  class space    used 4095K, committed 4224K, reserved 1048576K
}
Event: 3.106 GC heap before
{Heap before GC invocations=7 (full 0):
 garbage-first heap   total 65536K, used 47540K [0x0000000080000000, 0x0000000100000000)
  region size 1024K, 28 young (28672K), 2 survivors (2048K)
 Metaspace       used 34974K, committed 35264K, reserved 1081344K
  class space    used 4746K, committed 4864K, reserved 1048576K
}
Event: 3.108 GC heap after
{Heap after GC invocations=8 (full 0):
 garbage-first heap   total 65536K, used 23143K [0x0000000080000000, 0x0000000100000000)
  region size 1024K, 3 young (3072K), 3 survivors (3072K)
 Metaspace       used 34974K, committed 35264K, reserved 1081344K
  class space    used 4746K, committed 4864K, reserved 1048576K
}
Event: 3.146 GC heap before
{Heap before GC invocations=8 (full 0):
 garbage-first heap   total 65536K, used 25191K [0x0000000080000000, 0x0000000100000000)
  region size 1024K, 7 young (7168K), 3 survivors (3072K)
 Metaspace       used 35641K, committed 35968K, reserved 1081344K
  class space    used 4810K, committed 4992K, reserved 1048576K
}
Event: 3.148 GC heap after
{Heap after GC invocations=9 (full 0):
 garbage-first heap   total 65536K, used 24636K [0x0000000080000000, 0x0000000100000000)
  region size 1024K, 3 young (3072K), 3 survivors (3072K)
 Metaspace       used 35641K, committed 35968K, reserved 1081344K
  class space    used 4810K, committed 4992K, reserved 1048576K
}
Event: 3.346 GC heap before
{Heap before GC invocations=10 (full 0):
 garbage-first heap   total 65536K, used 48188K [0x0000000080000000, 0x0000000100000000)
  region size 1024K, 27 young (27648K), 3 survivors (3072K)
 Metaspace       used 37905K, committed 38272K, reserved 1089536K
  class space    used 5163K, committed 5312K, reserved 1048576K
}
Event: 3.348 GC heap after
{Heap after GC invocations=11 (full 0):
 garbage-first heap   total 65536K, used 25978K [0x0000000080000000, 0x0000000100000000)
  region size 1024K, 3 young (3072K), 3 survivors (3072K)
 Metaspace       used 37905K, committed 38272K, reserved 1089536K
  class space    used 5163K, committed 5312K, reserved 1048576K
}
Event: 3.522 GC heap before
{Heap before GC invocations=11 (full 0):
 garbage-first heap   total 65536K, used 48506K [0x0000000080000000, 0x0000000100000000)
  region size 1024K, 26 young (26624K), 3 survivors (3072K)
 Metaspace       used 39146K, committed 39552K, reserved 1089536K
  class space    used 5332K, committed 5504K, reserved 1048576K
}
Event: 3.524 GC heap after
{Heap after GC invocations=12 (full 0):
 garbage-first heap   total 96256K, used 27118K [0x0000000080000000, 0x0000000100000000)
  region size 1024K, 2 young (2048K), 2 survivors (2048K)
 Metaspace       used 39146K, committed 39552K, reserved 1089536K
  class space    used 5332K, committed 5504K, reserved 1048576K
}
Event: 4.046 GC heap before
{Heap before GC invocations=12 (full 0):
 garbage-first heap   total 96256K, used 71150K [0x0000000080000000, 0x0000000100000000)
  region size 1024K, 45 young (46080K), 2 survivors (2048K)
 Metaspace       used 43008K, committed 43392K, reserved 1089536K
  class space    used 5789K, committed 5952K, reserved 1048576K
}
Event: 4.092 GC heap after
{Heap after GC invocations=13 (full 0):
 garbage-first heap   total 96256K, used 29842K [0x0000000080000000, 0x0000000100000000)
  region size 1024K, 5 young (5120K), 5 survivors (5120K)
 Metaspace       used 43008K, committed 43392K, reserved 1089536K
  class space    used 5789K, committed 5952K, reserved 1048576K
}
Event: 4.506 GC heap before
{Heap before GC invocations=13 (full 0):
 garbage-first heap   total 96256K, used 74898K [0x0000000080000000, 0x0000000100000000)
  region size 1024K, 47 young (48128K), 5 survivors (5120K)
 Metaspace       used 48727K, committed 49088K, reserved 1097728K
  class space    used 6415K, committed 6592K, reserved 1048576K
}
Event: 4.514 GC heap after
{Heap after GC invocations=14 (full 0):
 garbage-first heap   total 96256K, used 34328K [0x0000000080000000, 0x0000000100000000)
  region size 1024K, 6 young (6144K), 6 survivors (6144K)
 Metaspace       used 48727K, committed 49088K, reserved 1097728K
  class space    used 6415K, committed 6592K, reserved 1048576K
}
Event: 4.895 GC heap before
{Heap before GC invocations=14 (full 0):
 garbage-first heap   total 96256K, used 73240K [0x0000000080000000, 0x0000000100000000)
  region size 1024K, 44 young (45056K), 6 survivors (6144K)
 Metaspace       used 53037K, committed 53440K, reserved 1097728K
  class space    used 6993K, committed 7168K, reserved 1048576K
}
Event: 4.922 GC heap after
{Heap after GC invocations=15 (full 0):
 garbage-first heap   total 96256K, used 37077K [0x0000000080000000, 0x0000000100000000)
  region size 1024K, 3 young (3072K), 3 survivors (3072K)
 Metaspace       used 53037K, committed 53440K, reserved 1097728K
  class space    used 6993K, committed 7168K, reserved 1048576K
}
Event: 5.364 GC heap before
{Heap before GC invocations=15 (full 0):
 garbage-first heap   total 96256K, used 74965K [0x0000000080000000, 0x0000000100000000)
  region size 1024K, 40 young (40960K), 3 survivors (3072K)
 Metaspace       used 59587K, committed 60032K, reserved 1105920K
  class space    used 7887K, committed 8064K, reserved 1048576K
}
Event: 5.435 GC heap after
{Heap after GC invocations=16 (full 0):
 garbage-first heap   total 141312K, used 40101K [0x0000000080000000, 0x0000000100000000)
  region size 1024K, 5 young (5120K), 5 survivors (5120K)
 Metaspace       used 59587K, committed 60032K, reserved 1105920K
  class space    used 7887K, committed 8064K, reserved 1048576K
}
Event: 5.635 GC heap before
{Heap before GC invocations=16 (full 0):
 garbage-first heap   total 141312K, used 42149K [0x0000000080000000, 0x0000000100000000)
  region size 1024K, 8 young (8192K), 5 survivors (5120K)
 Metaspace       used 60019K, committed 60416K, reserved 1105920K
  class space    used 7951K, committed 8128K, reserved 1048576K
}
Event: 5.638 GC heap after
{Heap after GC invocations=17 (full 0):
 garbage-first heap   total 141312K, used 40760K [0x0000000080000000, 0x0000000100000000)
  region size 1024K, 4 young (4096K), 4 survivors (4096K)
 Metaspace       used 60019K, committed 60416K, reserved 1105920K
  class space    used 7951K, committed 8128K, reserved 1048576K
}

Dll operation events (2 events):
Event: 0.005 Loaded shared library C:\Program Files\Android\Android Studio\jbr\bin\java.dll
Event: 0.245 Loaded shared library C:\Program Files\Android\Android Studio\jbr\bin\verify.dll

Deoptimization events (20 events):
Event: 15.027 Thread 0x000001eefb3960a0 DEOPT PACKING pc=0x000001eee341414d sp=0x0000004bd72f5700
Event: 15.027 Thread 0x000001eefb3960a0 DEOPT UNPACKING pc=0x000001eee9fdace3 sp=0x0000004bd72f4b88 mode 0
Event: 15.028 Thread 0x000001eefb9fe080 DEOPT PACKING pc=0x000001eee3414225 sp=0x0000004bd9ffba50
Event: 15.028 Thread 0x000001eefb9fe080 DEOPT UNPACKING pc=0x000001eee9fdace3 sp=0x0000004bd9ffaed8 mode 0
Event: 15.029 Thread 0x000001eefb3960a0 DEOPT PACKING pc=0x000001eee3414225 sp=0x0000004bd72f59b0
Event: 15.029 Thread 0x000001eefb3960a0 DEOPT UNPACKING pc=0x000001eee9fdace3 sp=0x0000004bd72f4e38 mode 0
Event: 15.030 Thread 0x000001eefb9f71d0 DEOPT PACKING pc=0x000001eee341414d sp=0x0000004bda1fb510
Event: 15.030 Thread 0x000001eefb9f71d0 DEOPT UNPACKING pc=0x000001eee9fdace3 sp=0x0000004bda1fa998 mode 0
Event: 15.031 Thread 0x000001eefb9fe080 DEOPT PACKING pc=0x000001eee341414d sp=0x0000004bd9ffb490
Event: 15.031 Thread 0x000001eefb9fe080 DEOPT UNPACKING pc=0x000001eee9fdace3 sp=0x0000004bd9ffa918 mode 0
Event: 15.032 Thread 0x000001eefb3960a0 DEOPT PACKING pc=0x000001eee3414225 sp=0x0000004bd72f54a0
Event: 15.032 Thread 0x000001eefb3960a0 DEOPT UNPACKING pc=0x000001eee9fdace3 sp=0x0000004bd72f4928 mode 0
Event: 15.033 Thread 0x000001eefb9f71d0 DEOPT PACKING pc=0x000001eee341414d sp=0x0000004bda1fb8c0
Event: 15.033 Thread 0x000001eefe192700 DEOPT PACKING pc=0x000001eee3414225 sp=0x0000004bd9afb460
Event: 15.033 Thread 0x000001eefb9f71d0 DEOPT UNPACKING pc=0x000001eee9fdace3 sp=0x0000004bda1fad48 mode 0
Event: 15.033 Thread 0x000001eefe192700 DEOPT UNPACKING pc=0x000001eee9fdace3 sp=0x0000004bd9afa8e8 mode 0
Event: 15.034 Thread 0x000001eefb9f71d0 DEOPT PACKING pc=0x000001eee341414d sp=0x0000004bda1fb690
Event: 15.034 Thread 0x000001eefb9f71d0 DEOPT UNPACKING pc=0x000001eee9fdace3 sp=0x0000004bda1fab18 mode 0
Event: 15.036 Thread 0x000001eefb9f71d0 DEOPT PACKING pc=0x000001eee3414225 sp=0x0000004bda1fb300
Event: 15.036 Thread 0x000001eefb9f71d0 DEOPT UNPACKING pc=0x000001eee9fdace3 sp=0x0000004bda1fa788 mode 0

Classes unloaded (8 events):
Event: 5.650 Thread 0x000001eef984ed10 Unloading class 0x0000000100680968 '_BuildScript_$_run_closure1$_closure2'
Event: 5.650 Thread 0x000001eef984ed10 Unloading class 0x0000000100680558 '_BuildScript_$_run_closure1'
Event: 5.650 Thread 0x000001eef984ed10 Unloading class 0x0000000100680000 '_BuildScript_'
Event: 5.650 Thread 0x000001eef984ed10 Unloading class 0x00000001005d1410 '_BuildScript_$_run_closure1$_closure2$_closure4'
Event: 5.650 Thread 0x000001eef984ed10 Unloading class 0x00000001005d1000 '_BuildScript_$_run_closure1$_closure2$_closure3'
Event: 5.650 Thread 0x000001eef984ed10 Unloading class 0x00000001005d0968 '_BuildScript_$_run_closure1$_closure2'
Event: 5.650 Thread 0x000001eef984ed10 Unloading class 0x00000001005d0558 '_BuildScript_$_run_closure1'
Event: 5.650 Thread 0x000001eef984ed10 Unloading class 0x00000001005d0000 '_BuildScript_'

Classes redefined (0 events):
No events

Internal exceptions (20 events):
Event: 6.542 Thread 0x000001eefd509d30 Exception <a 'java/lang/NoSuchMethodError'{0x00000000880d9358}: static Lorg/gradle/internal/build/event/types/DefaultSuccessResult;.<clinit>()V> (0x00000000880d9358) 
thrown [s\src\hotspot\share\prims\jni.cpp, line 1108]
Event: 6.542 Thread 0x000001eefd509d30 Exception <a 'java/lang/NoSuchMethodError'{0x00000000880d9fd0}: static Lorg/gradle/internal/build/event/types/AbstractOperationResult;.<clinit>()V> (0x00000000880d9fd0) 
thrown [s\src\hotspot\share\prims\jni.cpp, line 1108]
Event: 6.542 Thread 0x000001eefd509d30 Exception <a 'java/lang/NoSuchMethodError'{0x00000000880db350}: static Lorg/gradle/internal/build/event/types/AbstractResult;.<clinit>()V> (0x00000000880db350) 
thrown [s\src\hotspot\share\prims\jni.cpp, line 1108]
Event: 6.615 Thread 0x000001eefb3960a0 Exception <a 'java/lang/NoSuchMethodError'{0x0000000087cbdb50}: 'int java.lang.invoke.DirectMethodHandle$Holder.invokeStatic(java.lang.Object)'> (0x0000000087cbdb50) 
thrown [s\src\hotspot\share\interpreter\linkResolver.cpp, line 771]
Event: 6.615 Thread 0x000001eefb3960a0 Exception <a 'java/lang/NoSuchMethodError'{0x0000000087cc1f40}: 'int java.lang.invoke.DirectMethodHandle$Holder.invokeStaticInit(java.lang.Object)'> (0x0000000087cc1f40) 
thrown [s\src\hotspot\share\interpreter\linkResolver.cpp, line 771]
Event: 6.621 Thread 0x000001eefb3960a0 Exception <a 'java/lang/NoSuchMethodError'{0x0000000087b42b60}: 'java.lang.Object java.lang.invoke.DirectMethodHandle$Holder.newInvokeSpecial(java.lang.Object, java.lang.Object, java.lang.Object, java.lang.Object, java.lang.Object, int)'> (0x0000000087b42b60) 
thrown [s\src\hotspot\share\interpreter\linkResolver.cpp, line 771]
Event: 6.621 Thread 0x000001eefb3960a0 Exception <a 'java/lang/NoSuchMethodError'{0x0000000087b47f10}: 'java.lang.Object java.lang.invoke.DirectMethodHandle$Holder.invokeSpecial(java.lang.Object, java.lang.Object, java.lang.Object, java.lang.Object, java.lang.Object, java.lang.Object, int)'> (0x0000000087b47f10) 
thrown [s\src\hotspot\share\interpreter\linkResolver.cpp, line 771]
Event: 6.630 Thread 0x000001eefb3960a0 Exception <a 'java/lang/NoSuchMethodError'{0x0000000087a1e1b8}: 'void java.lang.invoke.DirectMethodHandle$Holder.invokeStatic(java.lang.Object, java.lang.Object, java.lang.Object, int, java.lang.Object)'> (0x0000000087a1e1b8) 
thrown [s\src\hotspot\share\interpreter\linkResolver.cpp, line 771]
Event: 6.650 Thread 0x000001eefb3960a0 Exception <a 'java/lang/NoSuchMethodError'{0x00000000879dc630}: 'java.lang.Object java.lang.invoke.DelegatingMethodHandle$Holder.reinvoke_L(java.lang.Object, java.lang.Object, java.lang.Object, java.lang.Object, java.lang.Object, java.lang.Object, java.lang.Object, java.lang.Object, java.lang.Object, java.lang.Object, java.lang.Object, java.lang.Object, java.lang.Object, java.lang.Object, java.lang.Object, java.lang.Object, java.lang.Object, java.lang.Object, java.lang.Object, java.lang.Object, java.lang.O
Event: 6.651 Thread 0x000001eefb3960a0 Exception <a 'java/lang/NoSuchMethodError'{0x00000000879e8350}: 'java.lang.Object java.lang.invoke.Invokers$Holder.invoker(java.lang.Object, java.lang.Object, java.lang.Object, java.lang.Object, java.lang.Object, java.lang.Object, java.lang.Object, java.lang.Object, java.lang.Object, java.lang.Object, java.lang.Object, java.lang.Object, java.lang.Object, java.lang.Object, java.lang.Object, java.lang.Object, java.lang.Object, java.lang.Object, java.lang.Object, java.lang.Object, java.lang.Object)'> (0x00000
Event: 6.651 Thread 0x000001eefb3960a0 Exception <a 'java/lang/NoSuchMethodError'{0x00000000879ef2d8}: 'java.lang.Object java.lang.invoke.DelegatingMethodHandle$Holder.delegate(java.lang.Object, java.lang.Object, java.lang.Object, java.lang.Object, java.lang.Object, java.lang.Object, java.lang.Object, java.lang.Object, java.lang.Object, java.lang.Object, java.lang.Object, java.lang.Object, java.lang.Object, java.lang.Object, java.lang.Object, java.lang.Object, java.lang.Object, java.lang.Object, java.lang.Object, java.lang.Object, java.lang.Obj
Event: 6.655 Thread 0x000001eefb3960a0 Exception <a 'java/lang/NoSuchMethodError'{0x000000008785fbc8}: 'java.lang.Object java.lang.invoke.DirectMethodHandle$Holder.invokeStatic(java.lang.Object, java.lang.Object, java.lang.Object, java.lang.Object, java.lang.Object, java.lang.Object, java.lang.Object, java.lang.Object, java.lang.Object, java.lang.Object, java.lang.Object, java.lang.Object, java.lang.Object, java.lang.Object, java.lang.Object, java.lang.Object, java.lang.Object)'> (0x000000008785fbc8) 
thrown [s\src\hotspot\share\interpreter\lin
Event: 6.656 Thread 0x000001eefb3960a0 Exception <a 'java/lang/NoSuchMethodError'{0x0000000087887fe8}: 'java.lang.Object java.lang.invoke.DirectMethodHandle$Holder.invokeStatic(java.lang.Object, java.lang.Object, java.lang.Object, java.lang.Object, java.lang.Object, java.lang.Object, java.lang.Object, java.lang.Object, java.lang.Object, java.lang.Object, java.lang.Object, java.lang.Object, java.lang.Object, java.lang.Object, java.lang.Object, java.lang.Object, java.lang.Object, java.lang.Object)'> (0x0000000087887fe8) 
thrown [s\src\hotspot\sha
Event: 6.657 Thread 0x000001eefb3960a0 Exception <a 'java/lang/NoSuchMethodError'{0x00000000878b0bb8}: 'java.lang.Object java.lang.invoke.DirectMethodHandle$Holder.invokeStatic(java.lang.Object, java.lang.Object, java.lang.Object, java.lang.Object, java.lang.Object, java.lang.Object, java.lang.Object, java.lang.Object, java.lang.Object, java.lang.Object, java.lang.Object, java.lang.Object, java.lang.Object, java.lang.Object, java.lang.Object, java.lang.Object, java.lang.Object, java.lang.Object, java.lang.Object)'> (0x00000000878b0bb8) 
thrown 
Event: 6.658 Thread 0x000001eefb3960a0 Exception <a 'java/lang/NoSuchMethodError'{0x00000000878daa10}: 'java.lang.Object java.lang.invoke.DirectMethodHandle$Holder.invokeStatic(java.lang.Object, java.lang.Object, java.lang.Object, java.lang.Object, java.lang.Object, java.lang.Object, java.lang.Object, java.lang.Object, java.lang.Object, java.lang.Object, java.lang.Object, java.lang.Object, java.lang.Object, java.lang.Object, java.lang.Object, java.lang.Object, java.lang.Object, java.lang.Object, java.lang.Object, java.lang.Object)'> (0x00000000
Event: 6.660 Thread 0x000001eefb3960a0 Exception <a 'java/lang/NoSuchMethodError'{0x0000000087706190}: 'java.lang.Object java.lang.invoke.DirectMethodHandle$Holder.invokeStatic(java.lang.Object, java.lang.Object, java.lang.Object, java.lang.Object, java.lang.Object, java.lang.Object, java.lang.Object, java.lang.Object, java.lang.Object, java.lang.Object, java.lang.Object, java.lang.Object, java.lang.Object, java.lang.Object, java.lang.Object, java.lang.Object, java.lang.Object, java.lang.Object, java.lang.Object, java.lang.Object, java.lang.Obj
Event: 6.661 Thread 0x000001eefb3960a0 Exception <a 'java/lang/NoSuchMethodError'{0x00000000877319e8}: 'java.lang.Object java.lang.invoke.DirectMethodHandle$Holder.invokeStatic(java.lang.Object, java.lang.Object, java.lang.Object, java.lang.Object, java.lang.Object, java.lang.Object, java.lang.Object, java.lang.Object, java.lang.Object, java.lang.Object, java.lang.Object, java.lang.Object, java.lang.Object, java.lang.Object, java.lang.Object, java.lang.Object, java.lang.Object, java.lang.Object, java.lang.Object, java.lang.Object, java.lang.Obj
Event: 6.662 Thread 0x000001eefb3960a0 Exception <a 'java/lang/NoSuchMethodError'{0x000000008775ecd8}: 'java.lang.Object java.lang.invoke.DirectMethodHandle$Holder.invokeStatic(java.lang.Object, java.lang.Object, java.lang.Object, java.lang.Object, java.lang.Object, java.lang.Object, java.lang.Object, java.lang.Object, java.lang.Object, java.lang.Object, java.lang.Object, java.lang.Object, java.lang.Object, java.lang.Object, java.lang.Object, java.lang.Object, java.lang.Object, java.lang.Object, java.lang.Object, java.lang.Object, java.lang.Obj
Event: 6.663 Thread 0x000001eefb3960a0 Exception <a 'java/lang/NoSuchMethodError'{0x000000008778e648}: 'java.lang.Object java.lang.invoke.DirectMethodHandle$Holder.invokeStatic(java.lang.Object, java.lang.Object, java.lang.Object, java.lang.Object, java.lang.Object, java.lang.Object, java.lang.Object, java.lang.Object, java.lang.Object, java.lang.Object, java.lang.Object, java.lang.Object, java.lang.Object, java.lang.Object, java.lang.Object, java.lang.Object, java.lang.Object, java.lang.Object, java.lang.Object, java.lang.Object, java.lang.Obj
Event: 6.683 Thread 0x000001eefb3960a0 Implicit null exception at 0x000001eeea6f264b to 0x000001eeea6f2670

VM Operations (20 events):
Event: 7.568 Executing VM operation: Cleanup
Event: 7.568 Executing VM operation: Cleanup done
Event: 8.665 Executing VM operation: HandshakeAllThreads
Event: 8.665 Executing VM operation: HandshakeAllThreads done
Event: 8.665 Executing VM operation: Cleanup
Event: 8.665 Executing VM operation: Cleanup done
Event: 9.448 Executing VM operation: HandshakeAllThreads
Event: 9.448 Executing VM operation: HandshakeAllThreads done
Event: 10.448 Executing VM operation: Cleanup
Event: 10.448 Executing VM operation: Cleanup done
Event: 11.066 Executing VM operation: HandshakeAllThreads
Event: 11.066 Executing VM operation: HandshakeAllThreads done
Event: 11.066 Executing VM operation: HandshakeAllThreads
Event: 11.066 Executing VM operation: HandshakeAllThreads done
Event: 12.067 Executing VM operation: Cleanup
Event: 12.067 Executing VM operation: Cleanup done
Event: 13.068 Executing VM operation: Cleanup
Event: 13.068 Executing VM operation: Cleanup done
Event: 14.069 Executing VM operation: Cleanup
Event: 14.069 Executing VM operation: Cleanup done

Events (20 events):
Event: 14.479 Thread 0x000001ee81e9b0a0 Thread added: 0x000001ee81e9b0a0
Event: 14.479 Thread 0x000001ee81e98550 Thread added: 0x000001ee81e98550
Event: 14.479 Thread 0x000001ee81e9abd0 Thread added: 0x000001ee81e9abd0
Event: 14.480 Thread 0x000001ee81e98a20 Thread added: 0x000001ee81e98a20
Event: 14.480 Thread 0x000001ee81e97bb0 Thread added: 0x000001ee81e97bb0
Event: 14.480 Thread 0x000001ee81e95060 Thread added: 0x000001ee81e95060
Event: 14.480 Thread 0x000001ee81e98ef0 Thread added: 0x000001ee81e98ef0
Event: 14.480 Thread 0x000001ee81e9c3e0 Thread added: 0x000001ee81e9c3e0
Event: 14.480 Thread 0x000001ee81e9c8b0 Thread added: 0x000001ee81e9c8b0
Event: 14.480 Thread 0x000001ee81e98080 Thread added: 0x000001ee81e98080
Event: 14.481 Thread 0x000001ee81e95530 Thread added: 0x000001ee81e95530
Event: 14.481 Thread 0x000001ee81e99890 Thread added: 0x000001ee81e99890
Event: 14.481 Thread 0x000001ee81e99d60 Thread added: 0x000001ee81e99d60
Event: 14.481 Thread 0x000001ee81e9b570 Thread added: 0x000001ee81e9b570
Event: 14.481 Thread 0x000001ee81e9ba40 Thread added: 0x000001ee81e9ba40
Event: 14.481 Thread 0x000001ee81e95a00 Thread added: 0x000001ee81e95a00
Event: 14.481 Thread 0x000001ee81e9a230 Thread added: 0x000001ee81e9a230
Event: 14.481 Thread 0x000001ee81e9bf10 Thread added: 0x000001ee81e9bf10
Event: 14.481 Thread 0x000001ee81e95ed0 Thread added: 0x000001ee81e95ed0
Event: 14.774 Thread 0x000001eefa7400e0 Thread added: 0x000001eefa7400e0


Dynamic libraries:
0x00007ff7ecf60000 - 0x00007ff7ecf6a000 	C:\Program Files\Android\Android Studio\jbr\bin\java.exe
0x00007ff9c4750000 - 0x00007ff9c4967000 	C:\WINDOWS\SYSTEM32\ntdll.dll
0x00007ff9c3890000 - 0x00007ff9c3954000 	C:\WINDOWS\System32\KERNEL32.DLL
0x00007ff9c1f30000 - 0x00007ff9c22d6000 	C:\WINDOWS\System32\KERNELBASE.dll
0x00007ff9c2380000 - 0x00007ff9c2491000 	C:\WINDOWS\System32\ucrtbase.dll
0x00007ff9b0420000 - 0x00007ff9b0437000 	C:\Program Files\Android\Android Studio\jbr\bin\jli.dll
0x00007ff9c3960000 - 0x00007ff9c3b0e000 	C:\WINDOWS\System32\USER32.dll
0x00007ff9c2350000 - 0x00007ff9c2376000 	C:\WINDOWS\System32\win32u.dll
0x00007ff9c2600000 - 0x00007ff9c2629000 	C:\WINDOWS\System32\GDI32.dll
0x00007ff9a6090000 - 0x00007ff9a6323000 	C:\WINDOWS\WinSxS\amd64_microsoft.windows.common-controls_6595b64144ccf1df_6.0.22621.2506_none_270c5ae97388e100\COMCTL32.dll
0x00007ff9c1d90000 - 0x00007ff9c1ea8000 	C:\WINDOWS\System32\gdi32full.dll
0x00007ff9c3da0000 - 0x00007ff9c3e47000 	C:\WINDOWS\System32\msvcrt.dll
0x00007ff9c1cf0000 - 0x00007ff9c1d8a000 	C:\WINDOWS\System32\msvcp_win.dll
0x00007ff98bb90000 - 0x00007ff98bbab000 	C:\Program Files\Android\Android Studio\jbr\bin\VCRUNTIME140.dll
0x00007ff9c2530000 - 0x00007ff9c2561000 	C:\WINDOWS\System32\IMM32.DLL
0x00007ff9a7ae0000 - 0x00007ff9a7aec000 	C:\Program Files\Android\Android Studio\jbr\bin\vcruntime140_1.dll
0x00007ff96ea40000 - 0x00007ff96eacd000 	C:\Program Files\Android\Android Studio\jbr\bin\msvcp140.dll
0x00007ff94a320000 - 0x00007ff94af8e000 	C:\Program Files\Android\Android Studio\jbr\bin\server\jvm.dll
0x00007ff9c3bd0000 - 0x00007ff9c3c81000 	C:\WINDOWS\System32\ADVAPI32.dll
0x00007ff9c3b10000 - 0x00007ff9c3bb5000 	C:\WINDOWS\System32\sechost.dll
0x00007ff9c3e50000 - 0x00007ff9c3f67000 	C:\WINDOWS\System32\RPCRT4.dll
0x00007ff9bbf10000 - 0x00007ff9bbf19000 	C:\WINDOWS\SYSTEM32\WSOCK32.dll
0x00007ff9b7220000 - 0x00007ff9b7254000 	C:\WINDOWS\SYSTEM32\WINMM.dll
0x00007ff9b6a40000 - 0x00007ff9b6a4a000 	C:\WINDOWS\SYSTEM32\VERSION.dll
0x00007ff9c35c0000 - 0x00007ff9c3631000 	C:\WINDOWS\System32\WS2_32.dll
0x00007ff9c0bb0000 - 0x00007ff9c0bc8000 	C:\WINDOWS\SYSTEM32\kernel.appcore.dll
0x00007ff9bbee0000 - 0x00007ff9bbeea000 	C:\Program Files\Android\Android Studio\jbr\bin\jimage.dll
0x00007ff9bf570000 - 0x00007ff9bf7a3000 	C:\WINDOWS\SYSTEM32\DBGHELP.DLL
0x00007ff9c40c0000 - 0x00007ff9c4449000 	C:\WINDOWS\System32\combase.dll
0x00007ff9c3f70000 - 0x00007ff9c4047000 	C:\WINDOWS\System32\OLEAUT32.dll
0x00007ff9b4f10000 - 0x00007ff9b4f42000 	C:\WINDOWS\SYSTEM32\dbgcore.DLL
0x00007ff9c1eb0000 - 0x00007ff9c1f2a000 	C:\WINDOWS\System32\bcryptPrimitives.dll
0x00007ff9b1d90000 - 0x00007ff9b1db5000 	C:\Program Files\Android\Android Studio\jbr\bin\java.dll
0x00007ff9b05f0000 - 0x00007ff9b0608000 	C:\Program Files\Android\Android Studio\jbr\bin\zip.dll
0x00007ff9c28d0000 - 0x00007ff9c312a000 	C:\WINDOWS\System32\SHELL32.dll
0x00007ff9bf9f0000 - 0x00007ff9c02e6000 	C:\WINDOWS\SYSTEM32\windows.storage.dll
0x00007ff9bf8b0000 - 0x00007ff9bf9ee000 	C:\WINDOWS\SYSTEM32\wintypes.dll
0x00007ff9c4450000 - 0x00007ff9c4543000 	C:\WINDOWS\System32\SHCORE.dll
0x00007ff9c3ce0000 - 0x00007ff9c3d3e000 	C:\WINDOWS\System32\shlwapi.dll
0x00007ff9c19f0000 - 0x00007ff9c1a16000 	C:\WINDOWS\SYSTEM32\profapi.dll
0x00007ff9b0460000 - 0x00007ff9b0479000 	C:\Program Files\Android\Android Studio\jbr\bin\net.dll
0x00007ff9b8aa0000 - 0x00007ff9b8bd7000 	C:\WINDOWS\SYSTEM32\WINHTTP.dll
0x00007ff9c1030000 - 0x00007ff9c1099000 	C:\WINDOWS\system32\mswsock.dll
0x00007ff9b0440000 - 0x00007ff9b0456000 	C:\Program Files\Android\Android Studio\jbr\bin\nio.dll
0x00007ff9b3d60000 - 0x00007ff9b3d70000 	C:\Program Files\Android\Android Studio\jbr\bin\verify.dll
0x00007ff990a50000 - 0x00007ff990a77000 	C:\Users\dmaha\OneDrive\Desktop\NEW PROJECT\SLIITLibrary1\SLIITLibrary\.gradle\native\68d5fa5c4cc2d200863cafc0d521ce42e7d3e7ee720ec0a83991735586a16f82\windows-amd64\native-platform.dll
0x00007ff967aa0000 - 0x00007ff967be4000 	C:\Users\dmaha\OneDrive\Desktop\NEW PROJECT\SLIITLibrary1\SLIITLibrary\.gradle\native\e376f236ea51e6404a007f0833ffe2c6e607c4080706a723a18a27aeea778392\windows-amd64\native-platform-file-events.dll
0x00007ff9b3cf0000 - 0x00007ff9b3cf9000 	C:\Program Files\Android\Android Studio\jbr\bin\management.dll
0x00007ff9b2200000 - 0x00007ff9b220b000 	C:\Program Files\Android\Android Studio\jbr\bin\management_ext.dll
0x00007ff9c3640000 - 0x00007ff9c3648000 	C:\WINDOWS\System32\PSAPI.DLL
0x00007ff9c1280000 - 0x00007ff9c129b000 	C:\WINDOWS\SYSTEM32\CRYPTSP.dll
0x00007ff9c0b10000 - 0x00007ff9c0b45000 	C:\WINDOWS\system32\rsaenh.dll
0x00007ff9c1120000 - 0x00007ff9c114c000 	C:\WINDOWS\SYSTEM32\USERENV.dll
0x00007ff9c1450000 - 0x00007ff9c1478000 	C:\WINDOWS\SYSTEM32\bcrypt.dll
0x00007ff9c12a0000 - 0x00007ff9c12ac000 	C:\WINDOWS\SYSTEM32\CRYPTBASE.dll
0x00007ff9c0600000 - 0x00007ff9c062d000 	C:\WINDOWS\SYSTEM32\IPHLPAPI.DLL
0x00007ff9c25f0000 - 0x00007ff9c25f9000 	C:\WINDOWS\System32\NSI.dll
0x00007ff9b8880000 - 0x00007ff9b8899000 	C:\WINDOWS\SYSTEM32\dhcpcsvc6.DLL
0x00007ff9b8860000 - 0x00007ff9b887f000 	C:\WINDOWS\SYSTEM32\dhcpcsvc.DLL
0x00007ff9c0630000 - 0x00007ff9c0729000 	C:\WINDOWS\SYSTEM32\DNSAPI.dll
0x00007ff9b6860000 - 0x00007ff9b6868000 	C:\WINDOWS\system32\wshunix.dll
0x00007ff9b83b0000 - 0x00007ff9b83ba000 	C:\Windows\System32\rasadhlp.dll
0x00007ff9b7050000 - 0x00007ff9b70d3000 	C:\WINDOWS\System32\fwpuclnt.dll

dbghelp: loaded successfully - version: 4.0.5 - missing functions: none
symbol engine: initialized successfully - sym options: 0x614 - pdb path: .;C:\Program Files\Android\Android Studio\jbr\bin;C:\WINDOWS\SYSTEM32;C:\WINDOWS\WinSxS\amd64_microsoft.windows.common-controls_6595b64144ccf1df_6.0.22621.2506_none_270c5ae97388e100;C:\Program Files\Android\Android Studio\jbr\bin\server;C:\Users\dmaha\OneDrive\Desktop\NEW PROJECT\SLIITLibrary1\SLIITLibrary\.gradle\native\68d5fa5c4cc2d200863cafc0d521ce42e7d3e7ee720ec0a83991735586a16f82\windows-amd64;C:\Users\dmaha\OneDrive\Desktop\NEW PROJECT\SLIITLibrary1\SLIITLibrary\.gradle\native\e376f236ea51e6404a007f0833ffe2c6e607c4080706a723a18a27aeea778392\windows-amd64

VM Arguments:
jvm_args: --add-opens=java.base/java.util=ALL-UNNAMED --add-opens=java.base/java.lang=ALL-UNNAMED --add-opens=java.base/java.lang.invoke=ALL-UNNAMED --add-opens=java.prefs/java.util.prefs=ALL-UNNAMED --add-opens=java.base/java.nio.charset=ALL-UNNAMED --add-opens=java.base/java.net=ALL-UNNAMED --add-opens=java.base/java.util.concurrent.atomic=ALL-UNNAMED -Xmx2048m -Dfile.encoding=UTF-8 -Duser.country=US -Duser.language=en -Duser.variant 
java_command: org.gradle.launcher.daemon.bootstrap.GradleDaemon 8.0
java_class_path (initial): C:\Users\dmaha\OneDrive\Desktop\NEW PROJECT\SLIITLibrary1\SLIITLibrary\.gradle\wrapper\dists\gradle-8.0-bin\ca5e32bp14vu59qr306oxotwh\gradle-8.0\lib\gradle-launcher-8.0.jar
Launcher Type: SUN_STANDARD

[Global flags]
     intx CICompilerCount                          = 4                                         {product} {ergonomic}
     uint ConcGCThreads                            = 3                                         {product} {ergonomic}
     uint G1ConcRefinementThreads                  = 10                                        {product} {ergonomic}
   size_t G1HeapRegionSize                         = 1048576                                   {product} {ergonomic}
    uintx GCDrainStackTargetSize                   = 64                                        {product} {ergonomic}
   size_t InitialHeapSize                          = 264241152                                 {product} {ergonomic}
   size_t MarkStackSize                            = 4194304                                   {product} {ergonomic}
   size_t MaxHeapSize                              = 2147483648                                {product} {command line}
   size_t MaxNewSize                               = 1287651328                                {product} {ergonomic}
   size_t MinHeapDeltaBytes                        = 1048576                                   {product} {ergonomic}
   size_t MinHeapSize                              = 8388608                                   {product} {ergonomic}
    uintx NonNMethodCodeHeapSize                   = 5839372                                {pd product} {ergonomic}
    uintx NonProfiledCodeHeapSize                  = 122909434                              {pd product} {ergonomic}
    uintx ProfiledCodeHeapSize                     = 122909434                              {pd product} {ergonomic}
    uintx ReservedCodeCacheSize                    = 251658240                              {pd product} {ergonomic}
     bool SegmentedCodeCache                       = true                                      {product} {ergonomic}
   size_t SoftMaxHeapSize                          = 2147483648                             {manageable} {ergonomic}
     bool UseCompressedClassPointers               = true                           {product lp64_product} {ergonomic}
     bool UseCompressedOops                        = true                           {product lp64_product} {ergonomic}
     bool UseG1GC                                  = true                                      {product} {ergonomic}
     bool UseLargePagesIndividualAllocation        = false                                  {pd product} {ergonomic}

Logging:
Log output configuration:
 #0: stdout all=warning uptime,level,tags
 #1: stderr all=off uptime,level,tags

Environment Variables:
PATH=C:\Windows\system32;C:\Windows;C:\Windows\System32\Wbem;C:\Windows\System32\WindowsPowerShell\v1.0\;C:\Windows\System32\OpenSSH\;C:\Program Files (x86)\NVIDIA Corporation\PhysX\Common;C:\WINDOWS\system32;C:\WINDOWS;C:\WINDOWS\System32\Wbem;C:\WINDOWS\System32\WindowsPowerShell\v1.0\;C:\WINDOWS\System32\OpenSSH\;C:\Program Files\Git\cmd;C:\Program Files\NVIDIA Corporation\NVIDIA NvDLISR;C:\Program Files\dotnet\;C:\Users\dmaha\AppData\Local\Microsoft\WindowsApps;;C:\Users\dmaha\AppData\Local\Programs\Microsoft VS Code\bin
USERNAME=dmaha
OS=Windows_NT
PROCESSOR_IDENTIFIER=Intel64 Family 6 Model 141 Stepping 1, GenuineIntel
TMP=C:\Users\dmaha\AppData\Local\Temp
TEMP=C:\Users\dmaha\AppData\Local\Temp


JNI global refs:
JNI global refs: 26, weak refs: 0

JNI global refs memory usage: 843, weak refs: 209


---------------  S Y S T E M  ---------------

OS:
 Windows 11 , 64 bit Build 22621 (10.0.22621.2506)
OS uptime: 15 days 8:42 hours

CPU: total 12 (initial active 12) (6 cores per cpu, 2 threads per core) family 6 model 141 stepping 1 microcode 0x34, cx8, cmov, fxsr, ht, mmx, 3dnowpref, sse, sse2, sse3, ssse3, sse4.1, sse4.2, popcnt, lzcnt, tsc, tscinvbit, avx, avx2, aes, erms, clmul, bmi1, bmi2, adx, avx512f, avx512dq, avx512cd, avx512bw, avx512vl, sha, fma, vzeroupper, avx512_vpopcntdq, avx512_vpclmulqdq, avx512_vaes, avx512_vnni, clflush, clflushopt, clwb, avx512_vbmi2, avx512_vbmi

Memory: 4k page, system-wide physical 16122M (3462M free)
TotalPageFile size 41780M (AvailPageFile size 0M)
current process WorkingSet (physical memory assigned to process): 329M, peak: 329M
current process commit charge ("private bytes"): 372M, peak: 400M

vm_info: OpenJDK 64-Bit Server VM (17.0.6+0-b2043.56-10027231) for windows-amd64 JRE (17.0.6+0-b2043.56-10027231), built on Apr 28 2023 00:43:19 by "androidbuild" with MS VC++ 16.10 / 16.11 (VS2019)

END.
